[  0%] Built target _teleop_tools_msgs_generate_messages_check_deps_IncrementActionResult
[  0%] Built target _teleop_tools_msgs_generate_messages_check_deps_IncrementFeedback
[  0%] Built target _teleop_tools_msgs_generate_messages_check_deps_IncrementResult
[  0%] Built target actionlib_msgs_generate_messages_nodejs
[  0%] Built target _teleop_tools_msgs_generate_messages_check_deps_IncrementGoal
[  0%] Built target _teleop_tools_msgs_generate_messages_check_deps_IncrementActionGoal
[  0%] Built target _teleop_tools_msgs_generate_messages_check_deps_IncrementAction
[  0%] Built target _teleop_tools_msgs_generate_messages_check_deps_IncrementActionFeedback
[  0%] Built target actionlib_msgs_generate_messages_py
[  0%] Built target actionlib_msgs_generate_messages_cpp
[  0%] Built target actionlib_msgs_generate_messages_eus
[  0%] Built target actionlib_msgs_generate_messages_lisp
[  2%] [34m[1mGenerating Javascript code from teleop_tools_msgs/IncrementAction.msg[0m
[  5%] [34m[1mGenerating Javascript code from teleop_tools_msgs/IncrementActionResult.msg[0m
[  8%] [34m[1mGenerating Javascript code from teleop_tools_msgs/IncrementResult.msg[0m
[ 10%] [34m[1mGenerating Javascript code from teleop_tools_msgs/IncrementActionFeedback.msg[0m
[ 13%] [34m[1mGenerating Javascript code from teleop_tools_msgs/IncrementFeedback.msg[0m
[ 16%] [34m[1mGenerating Javascript code from teleop_tools_msgs/IncrementActionGoal.msg[0m
[ 18%] [34m[1mGenerating Javascript code from teleop_tools_msgs/IncrementGoal.msg[0m
[ 18%] Built target teleop_tools_msgs_generate_messages_nodejs
[ 21%] [34m[1mGenerating Python from MSG teleop_tools_msgs/IncrementAction[0m
[ 24%] [34m[1mGenerating C++ code from teleop_tools_msgs/IncrementAction.msg[0m
[ 27%] [34m[1mGenerating Python from MSG teleop_tools_msgs/IncrementActionResult[0m
[ 29%] [34m[1mGenerating C++ code from teleop_tools_msgs/IncrementActionResult.msg[0m
[ 32%] [34m[1mGenerating Python from MSG teleop_tools_msgs/IncrementResult[0m
[ 35%] [34m[1mGenerating Python from MSG teleop_tools_msgs/IncrementActionFeedback[0m
[ 37%] [34m[1mGenerating C++ code from teleop_tools_msgs/IncrementResult.msg[0m
[ 40%] [34m[1mGenerating Python from MSG teleop_tools_msgs/IncrementFeedback[0m
[ 43%] [34m[1mGenerating C++ code from teleop_tools_msgs/IncrementActionFeedback.msg[0m
[ 45%] [34m[1mGenerating Python from MSG teleop_tools_msgs/IncrementActionGoal[0m
[ 48%] [34m[1mGenerating Python from MSG teleop_tools_msgs/IncrementGoal[0m
[ 51%] [34m[1mGenerating C++ code from teleop_tools_msgs/IncrementFeedback.msg[0m
[ 54%] [34m[1mGenerating Python msg __init__.py for teleop_tools_msgs[0m
[ 56%] [34m[1mGenerating EusLisp code from teleop_tools_msgs/IncrementAction.msg[0m
[ 56%] Built target teleop_tools_msgs_generate_messages_py
[ 59%] [34m[1mGenerating Lisp code from teleop_tools_msgs/IncrementAction.msg[0m
[ 62%] [34m[1mGenerating Lisp code from teleop_tools_msgs/IncrementActionResult.msg[0m
[ 64%] [34m[1mGenerating C++ code from teleop_tools_msgs/IncrementActionGoal.msg[0m
[ 67%] [34m[1mGenerating Lisp code from teleop_tools_msgs/IncrementResult.msg[0m
[ 70%] [34m[1mGenerating EusLisp code from teleop_tools_msgs/IncrementActionResult.msg[0m
[ 72%] [34m[1mGenerating Lisp code from teleop_tools_msgs/IncrementActionFeedback.msg[0m
[ 75%] [34m[1mGenerating EusLisp code from teleop_tools_msgs/IncrementResult.msg[0m
[ 78%] [34m[1mGenerating Lisp code from teleop_tools_msgs/IncrementFeedback.msg[0m
[ 81%] [34m[1mGenerating Lisp code from teleop_tools_msgs/IncrementActionGoal.msg[0m
[ 83%] [34m[1mGenerating C++ code from teleop_tools_msgs/IncrementGoal.msg[0m
[ 86%] [34m[1mGenerating EusLisp code from teleop_tools_msgs/IncrementActionFeedback.msg[0m
[ 89%] [34m[1mGenerating EusLisp code from teleop_tools_msgs/IncrementFeedback.msg[0m
[ 91%] [34m[1mGenerating Lisp code from teleop_tools_msgs/IncrementGoal.msg[0m
[ 91%] Built target teleop_tools_msgs_generate_messages_lisp
[ 94%] [34m[1mGenerating EusLisp code from teleop_tools_msgs/IncrementActionGoal.msg[0m
[ 97%] [34m[1mGenerating EusLisp code from teleop_tools_msgs/IncrementGoal.msg[0m
[ 97%] Built target teleop_tools_msgs_generate_messages_cpp
[100%] [34m[1mGenerating EusLisp manifest code for teleop_tools_msgs[0m
[100%] Built target teleop_tools_msgs_generate_messages_eus
[100%] Built target teleop_tools_msgs_generate_messages
