Determining if the pthread_create exist failed with the following output:
Change Dir: /home/chris/bebop_ws/build/bebop_experiments/CMakeFiles/CMakeTmp

Run Build Command:"/usr/bin/make" "cmTC_0ca0c/fast"
/usr/bin/make -f CMakeFiles/cmTC_0ca0c.dir/build.make CMakeFiles/cmTC_0ca0c.dir/build
make[1]: Entering directory '/home/chris/bebop_ws/build/bebop_experiments/CMakeFiles/CMakeTmp'
Building C object CMakeFiles/cmTC_0ca0c.dir/CheckSymbolExists.c.o
/usr/bin/cc    -o CMakeFiles/cmTC_0ca0c.dir/CheckSymbolExists.c.o   -c /home/chris/bebop_ws/build/bebop_experiments/CMakeFiles/CMakeTmp/CheckSymbolExists.c
Linking C executable cmTC_0ca0c
/usr/local/bin/cmake -E cmake_link_script CMakeFiles/cmTC_0ca0c.dir/link.txt --verbose=1
/usr/bin/cc      -rdynamic CMakeFiles/cmTC_0ca0c.dir/CheckSymbolExists.c.o  -o cmTC_0ca0c 
CMakeFiles/cmTC_0ca0c.dir/CheckSymbolExists.c.o: In function `main':
CheckSymbolExists.c:(.text+0x1b): undefined reference to `pthread_create'
collect2: error: ld returned 1 exit status
CMakeFiles/cmTC_0ca0c.dir/build.make:86: recipe for target 'cmTC_0ca0c' failed
make[1]: *** [cmTC_0ca0c] Error 1
make[1]: Leaving directory '/home/chris/bebop_ws/build/bebop_experiments/CMakeFiles/CMakeTmp'
Makefile:126: recipe for target 'cmTC_0ca0c/fast' failed
make: *** [cmTC_0ca0c/fast] Error 2

File /home/chris/bebop_ws/build/bebop_experiments/CMakeFiles/CMakeTmp/CheckSymbolExists.c:
/* */
#include <pthread.h>

int main(int argc, char** argv)
{
  (void)argv;
#ifndef pthread_create
  return ((int*)(&pthread_create))[argc];
#else
  (void)argc;
  return 0;
#endif
}

Determining if the function pthread_create exists in the pthreads failed with the following output:
Change Dir: /home/chris/bebop_ws/build/bebop_experiments/CMakeFiles/CMakeTmp

Run Build Command:"/usr/bin/make" "cmTC_680bc/fast"
/usr/bin/make -f CMakeFiles/cmTC_680bc.dir/build.make CMakeFiles/cmTC_680bc.dir/build
make[1]: Entering directory '/home/chris/bebop_ws/build/bebop_experiments/CMakeFiles/CMakeTmp'
Building C object CMakeFiles/cmTC_680bc.dir/CheckFunctionExists.c.o
/usr/bin/cc   -DCHECK_FUNCTION_EXISTS=pthread_create   -o CMakeFiles/cmTC_680bc.dir/CheckFunctionExists.c.o   -c /usr/local/share/cmake-3.11/Modules/CheckFunctionExists.c
Linking C executable cmTC_680bc
/usr/local/bin/cmake -E cmake_link_script CMakeFiles/cmTC_680bc.dir/link.txt --verbose=1
/usr/bin/cc  -DCHECK_FUNCTION_EXISTS=pthread_create    -rdynamic CMakeFiles/cmTC_680bc.dir/CheckFunctionExists.c.o  -o cmTC_680bc -lpthreads 
/usr/bin/ld: cannot find -lpthreads
collect2: error: ld returned 1 exit status
CMakeFiles/cmTC_680bc.dir/build.make:86: recipe for target 'cmTC_680bc' failed
make[1]: *** [cmTC_680bc] Error 1
make[1]: Leaving directory '/home/chris/bebop_ws/build/bebop_experiments/CMakeFiles/CMakeTmp'
Makefile:126: recipe for target 'cmTC_680bc/fast' failed
make: *** [cmTC_680bc/fast] Error 2


