Determining if the pthread_create exist failed with the following output:
Change Dir: /home/chris/bebop-software-framework/bebop_ws/build/wiimote/CMakeFiles/CMakeTmp

Run Build Command:"/usr/bin/make" "cmTC_275db/fast"
/usr/bin/make -f CMakeFiles/cmTC_275db.dir/build.make CMakeFiles/cmTC_275db.dir/build
make[1]: Entering directory '/home/chris/bebop-software-framework/bebop_ws/build/wiimote/CMakeFiles/CMakeTmp'
Building C object CMakeFiles/cmTC_275db.dir/CheckSymbolExists.c.o
/usr/bin/cc    -o CMakeFiles/cmTC_275db.dir/CheckSymbolExists.c.o   -c /home/chris/bebop-software-framework/bebop_ws/build/wiimote/CMakeFiles/CMakeTmp/CheckSymbolExists.c
Linking C executable cmTC_275db
/usr/local/bin/cmake -E cmake_link_script CMakeFiles/cmTC_275db.dir/link.txt --verbose=1
/usr/bin/cc      -rdynamic CMakeFiles/cmTC_275db.dir/CheckSymbolExists.c.o  -o cmTC_275db 
CMakeFiles/cmTC_275db.dir/CheckSymbolExists.c.o: In function `main':
CheckSymbolExists.c:(.text+0x1b): undefined reference to `pthread_create'
collect2: error: ld returned 1 exit status
CMakeFiles/cmTC_275db.dir/build.make:86: recipe for target 'cmTC_275db' failed
make[1]: *** [cmTC_275db] Error 1
make[1]: Leaving directory '/home/chris/bebop-software-framework/bebop_ws/build/wiimote/CMakeFiles/CMakeTmp'
Makefile:126: recipe for target 'cmTC_275db/fast' failed
make: *** [cmTC_275db/fast] Error 2

File /home/chris/bebop-software-framework/bebop_ws/build/wiimote/CMakeFiles/CMakeTmp/CheckSymbolExists.c:
/* */
#include <pthread.h>

int main(int argc, char** argv)
{
  (void)argv;
#ifndef pthread_create
  return ((int*)(&pthread_create))[argc];
#else
  (void)argc;
  return 0;
#endif
}

Determining if the function pthread_create exists in the pthreads failed with the following output:
Change Dir: /home/chris/bebop-software-framework/bebop_ws/build/wiimote/CMakeFiles/CMakeTmp

Run Build Command:"/usr/bin/make" "cmTC_95756/fast"
/usr/bin/make -f CMakeFiles/cmTC_95756.dir/build.make CMakeFiles/cmTC_95756.dir/build
make[1]: Entering directory '/home/chris/bebop-software-framework/bebop_ws/build/wiimote/CMakeFiles/CMakeTmp'
Building C object CMakeFiles/cmTC_95756.dir/CheckFunctionExists.c.o
/usr/bin/cc   -DCHECK_FUNCTION_EXISTS=pthread_create   -o CMakeFiles/cmTC_95756.dir/CheckFunctionExists.c.o   -c /usr/local/share/cmake-3.11/Modules/CheckFunctionExists.c
Linking C executable cmTC_95756
/usr/local/bin/cmake -E cmake_link_script CMakeFiles/cmTC_95756.dir/link.txt --verbose=1
/usr/bin/cc  -DCHECK_FUNCTION_EXISTS=pthread_create    -rdynamic CMakeFiles/cmTC_95756.dir/CheckFunctionExists.c.o  -o cmTC_95756 -lpthreads 
/usr/bin/ld: cannot find -lpthreads
collect2: error: ld returned 1 exit status
CMakeFiles/cmTC_95756.dir/build.make:86: recipe for target 'cmTC_95756' failed
make[1]: *** [cmTC_95756] Error 1
make[1]: Leaving directory '/home/chris/bebop-software-framework/bebop_ws/build/wiimote/CMakeFiles/CMakeTmp'
Makefile:126: recipe for target 'cmTC_95756/fast' failed
make: *** [cmTC_95756/fast] Error 2


