[  0%] Built target _bebop_msgs_generate_messages_check_deps_Ardrone3GPSStateNumberOfSatelliteChanged
[  0%] Built target _bebop_msgs_generate_messages_check_deps_CommonCommonStateMassStorageInfoStateListChanged
[  0%] Built target _bebop_msgs_generate_messages_check_deps_Ardrone3NetworkStateAllWifiScanChanged
[  0%] Built target _bebop_msgs_generate_messages_check_deps_Ardrone3MediaRecordStateVideoStateChangedV2
[  0%] Built target _bebop_msgs_generate_messages_check_deps_Ardrone3AntiflickeringStatemodeChanged
[  0%] Built target _bebop_msgs_generate_messages_check_deps_CommonChargerStateLastChargeRateChanged
[  0%] Built target _bebop_msgs_generate_messages_check_deps_CommonARLibsVersionsStateSkyControllerLibARCommandsVersion
[  0%] Built target _bebop_msgs_generate_messages_check_deps_Ardrone3NetworkStateAllWifiAuthChannelChanged
[  0%] Built target _bebop_msgs_generate_messages_check_deps_CommonChargerStateCurrentChargeStateChanged
[  0%] Built target _bebop_msgs_generate_messages_check_deps_CommonMavlinkStateMavlinkPlayErrorStateChanged
[  0%] Built target _bebop_msgs_generate_messages_check_deps_CommonARLibsVersionsStateControllerLibARCommandsVersion
[  0%] Built target _bebop_msgs_generate_messages_check_deps_CommonCommonStateCurrentDateChanged
[  0%] Built target _bebop_msgs_generate_messages_check_deps_CommonCommonStateCountryListKnown
[  0%] Built target _bebop_msgs_generate_messages_check_deps_Ardrone3GPSStateHomeTypeAvailabilityChanged
[  0%] Built target _bebop_msgs_generate_messages_check_deps_Ardrone3PROStateFeatures
[  0%] Built target _bebop_msgs_generate_messages_check_deps_CommonCalibrationStateMagnetoCalibrationStartedChanged
[  0%] Built target _bebop_msgs_generate_messages_check_deps_Ardrone3MediaRecordStatePictureStateChanged
[  0%] Built target _bebop_msgs_generate_messages_check_deps_CommonAccessoryStateAccessoryConfigChanged
[  0%] Built target _bebop_msgs_generate_messages_check_deps_CommonFlightPlanStateLockStateChanged
[  0%] Built target _bebop_msgs_generate_messages_check_deps_Ardrone3PilotingStateFlyingStateChanged
[  0%] Built target _bebop_msgs_generate_messages_check_deps_CommonOverHeatStateOverHeatRegulationChanged
[  0%] Built target _bebop_msgs_generate_messages_check_deps_CommonCommonStateSensorsStatesListChanged
[  0%] Built target _bebop_msgs_generate_messages_check_deps_Ardrone3GPSStateHomeTypeChosenChanged
[  0%] Built target _bebop_msgs_generate_messages_check_deps_CommonAnimationsStateList
[  0%] Built target _bebop_msgs_generate_messages_check_deps_CommonCommonStateMassStorageContentForCurrentRun
[  0%] Built target _bebop_msgs_generate_messages_check_deps_Ardrone3NetworkStateWifiAuthChannelListChanged
[  0%] Built target _bebop_msgs_generate_messages_check_deps_Ardrone3PilotingStateNavigateHomeStateChanged
[  0%] Built target _bebop_msgs_generate_messages_check_deps_CommonAccessoryStateAccessoryConfigModificationEnabled
[  0%] Built target _bebop_msgs_generate_messages_check_deps_Ardrone3PilotingStateAlertStateChanged
[  0%] Built target _bebop_msgs_generate_messages_check_deps_Ardrone3PilotingStateAutoTakeOffModeChanged
[  0%] Built target _bebop_msgs_generate_messages_check_deps_CommonCommonStateProductModel
[  0%] Built target std_msgs_generate_messages_nodejs
[  0%] Built target _bebop_msgs_generate_messages_check_deps_Ardrone3PilotingStateSpeedChanged
[  0%] Built target _bebop_msgs_generate_messages_check_deps_Ardrone3CameraStateOrientationV2
[  0%] Built target _bebop_msgs_generate_messages_check_deps_CommonCommonStateDeprecatedMassStorageContentChanged
[  0%] Built target _bebop_msgs_generate_messages_check_deps_Ardrone3MediaRecordStateVideoStateChanged
[  0%] Built target _bebop_msgs_generate_messages_check_deps_CommonCommonStateBatteryStateChanged
[  0%] Built target _bebop_msgs_generate_messages_check_deps_CommonOverHeatStateOverHeatChanged
[  0%] Built target _bebop_msgs_generate_messages_check_deps_CommonHeadlightsStateintensityChanged
[  0%] Built target _bebop_msgs_generate_messages_check_deps_Ardrone3PilotingStatePositionChanged
[  0%] Built target _bebop_msgs_generate_messages_check_deps_CommonFlightPlanStateAvailabilityStateChanged
[  0%] Built target _bebop_msgs_generate_messages_check_deps_CommonCalibrationStateMagnetoCalibrationAxisToCalibrateChanged
[  0%] Built target _bebop_msgs_generate_messages_check_deps_Ardrone3AntiflickeringStateelectricFrequencyChanged
[  0%] Built target _bebop_msgs_generate_messages_check_deps_Ardrone3PilotingStateFlatTrimChanged
