Determining if the pthread_create exist failed with the following output:
Change Dir: /home/chris/bebop_ws/build/bebop_description/CMakeFiles/CMakeTmp

Run Build Command:"/usr/bin/make" "cmTC_8779e/fast"
/usr/bin/make -f CMakeFiles/cmTC_8779e.dir/build.make CMakeFiles/cmTC_8779e.dir/build
make[1]: Entering directory '/home/chris/bebop_ws/build/bebop_description/CMakeFiles/CMakeTmp'
Building C object CMakeFiles/cmTC_8779e.dir/CheckSymbolExists.c.o
/usr/bin/cc    -o CMakeFiles/cmTC_8779e.dir/CheckSymbolExists.c.o   -c /home/chris/bebop_ws/build/bebop_description/CMakeFiles/CMakeTmp/CheckSymbolExists.c
Linking C executable cmTC_8779e
/usr/local/bin/cmake -E cmake_link_script CMakeFiles/cmTC_8779e.dir/link.txt --verbose=1
/usr/bin/cc      -rdynamic CMakeFiles/cmTC_8779e.dir/CheckSymbolExists.c.o  -o cmTC_8779e 
CMakeFiles/cmTC_8779e.dir/CheckSymbolExists.c.o: In function `main':
CheckSymbolExists.c:(.text+0x1b): undefined reference to `pthread_create'
collect2: error: ld returned 1 exit status
CMakeFiles/cmTC_8779e.dir/build.make:86: recipe for target 'cmTC_8779e' failed
make[1]: *** [cmTC_8779e] Error 1
make[1]: Leaving directory '/home/chris/bebop_ws/build/bebop_description/CMakeFiles/CMakeTmp'
Makefile:126: recipe for target 'cmTC_8779e/fast' failed
make: *** [cmTC_8779e/fast] Error 2

File /home/chris/bebop_ws/build/bebop_description/CMakeFiles/CMakeTmp/CheckSymbolExists.c:
/* */
#include <pthread.h>

int main(int argc, char** argv)
{
  (void)argv;
#ifndef pthread_create
  return ((int*)(&pthread_create))[argc];
#else
  (void)argc;
  return 0;
#endif
}

Determining if the function pthread_create exists in the pthreads failed with the following output:
Change Dir: /home/chris/bebop_ws/build/bebop_description/CMakeFiles/CMakeTmp

Run Build Command:"/usr/bin/make" "cmTC_b26f0/fast"
/usr/bin/make -f CMakeFiles/cmTC_b26f0.dir/build.make CMakeFiles/cmTC_b26f0.dir/build
make[1]: Entering directory '/home/chris/bebop_ws/build/bebop_description/CMakeFiles/CMakeTmp'
Building C object CMakeFiles/cmTC_b26f0.dir/CheckFunctionExists.c.o
/usr/bin/cc   -DCHECK_FUNCTION_EXISTS=pthread_create   -o CMakeFiles/cmTC_b26f0.dir/CheckFunctionExists.c.o   -c /usr/local/share/cmake-3.11/Modules/CheckFunctionExists.c
Linking C executable cmTC_b26f0
/usr/local/bin/cmake -E cmake_link_script CMakeFiles/cmTC_b26f0.dir/link.txt --verbose=1
/usr/bin/cc  -DCHECK_FUNCTION_EXISTS=pthread_create    -rdynamic CMakeFiles/cmTC_b26f0.dir/CheckFunctionExists.c.o  -o cmTC_b26f0 -lpthreads 
/usr/bin/ld: cannot find -lpthreads
collect2: error: ld returned 1 exit status
CMakeFiles/cmTC_b26f0.dir/build.make:86: recipe for target 'cmTC_b26f0' failed
make[1]: *** [cmTC_b26f0] Error 1
make[1]: Leaving directory '/home/chris/bebop_ws/build/bebop_description/CMakeFiles/CMakeTmp'
Makefile:126: recipe for target 'cmTC_b26f0/fast' failed
make: *** [cmTC_b26f0/fast] Error 2


