Determining if the pthread_create exist failed with the following output:
Change Dir: /home/chris/bebop-software-framework/bebop_ws/build/catkin_tools_prebuild/CMakeFiles/CMakeTmp

Run Build Command:"/usr/bin/make" "cmTC_7d4ef/fast"
/usr/bin/make -f CMakeFiles/cmTC_7d4ef.dir/build.make CMakeFiles/cmTC_7d4ef.dir/build
make[1]: Entering directory '/home/chris/bebop-software-framework/bebop_ws/build/catkin_tools_prebuild/CMakeFiles/CMakeTmp'
Building C object CMakeFiles/cmTC_7d4ef.dir/CheckSymbolExists.c.o
/usr/bin/cc    -o CMakeFiles/cmTC_7d4ef.dir/CheckSymbolExists.c.o   -c /home/chris/bebop-software-framework/bebop_ws/build/catkin_tools_prebuild/CMakeFiles/CMakeTmp/CheckSymbolExists.c
Linking C executable cmTC_7d4ef
/usr/local/bin/cmake -E cmake_link_script CMakeFiles/cmTC_7d4ef.dir/link.txt --verbose=1
/usr/bin/cc      -rdynamic CMakeFiles/cmTC_7d4ef.dir/CheckSymbolExists.c.o  -o cmTC_7d4ef 
CMakeFiles/cmTC_7d4ef.dir/CheckSymbolExists.c.o: In function `main':
CheckSymbolExists.c:(.text+0x1b): undefined reference to `pthread_create'
collect2: error: ld returned 1 exit status
CMakeFiles/cmTC_7d4ef.dir/build.make:86: recipe for target 'cmTC_7d4ef' failed
make[1]: *** [cmTC_7d4ef] Error 1
make[1]: Leaving directory '/home/chris/bebop-software-framework/bebop_ws/build/catkin_tools_prebuild/CMakeFiles/CMakeTmp'
Makefile:126: recipe for target 'cmTC_7d4ef/fast' failed
make: *** [cmTC_7d4ef/fast] Error 2

File /home/chris/bebop-software-framework/bebop_ws/build/catkin_tools_prebuild/CMakeFiles/CMakeTmp/CheckSymbolExists.c:
/* */
#include <pthread.h>

int main(int argc, char** argv)
{
  (void)argv;
#ifndef pthread_create
  return ((int*)(&pthread_create))[argc];
#else
  (void)argc;
  return 0;
#endif
}

Determining if the function pthread_create exists in the pthreads failed with the following output:
Change Dir: /home/chris/bebop-software-framework/bebop_ws/build/catkin_tools_prebuild/CMakeFiles/CMakeTmp

Run Build Command:"/usr/bin/make" "cmTC_47e30/fast"
/usr/bin/make -f CMakeFiles/cmTC_47e30.dir/build.make CMakeFiles/cmTC_47e30.dir/build
make[1]: Entering directory '/home/chris/bebop-software-framework/bebop_ws/build/catkin_tools_prebuild/CMakeFiles/CMakeTmp'
Building C object CMakeFiles/cmTC_47e30.dir/CheckFunctionExists.c.o
/usr/bin/cc   -DCHECK_FUNCTION_EXISTS=pthread_create   -o CMakeFiles/cmTC_47e30.dir/CheckFunctionExists.c.o   -c /usr/local/share/cmake-3.11/Modules/CheckFunctionExists.c
Linking C executable cmTC_47e30
/usr/local/bin/cmake -E cmake_link_script CMakeFiles/cmTC_47e30.dir/link.txt --verbose=1
/usr/bin/cc  -DCHECK_FUNCTION_EXISTS=pthread_create    -rdynamic CMakeFiles/cmTC_47e30.dir/CheckFunctionExists.c.o  -o cmTC_47e30 -lpthreads 
/usr/bin/ld: cannot find -lpthreads
collect2: error: ld returned 1 exit status
CMakeFiles/cmTC_47e30.dir/build.make:86: recipe for target 'cmTC_47e30' failed
make[1]: *** [cmTC_47e30] Error 1
make[1]: Leaving directory '/home/chris/bebop-software-framework/bebop_ws/build/catkin_tools_prebuild/CMakeFiles/CMakeTmp'
Makefile:126: recipe for target 'cmTC_47e30/fast' failed
make: *** [cmTC_47e30/fast] Error 2


