Determining if the pthread_create exist failed with the following output:
Change Dir: /home/chris/bebop-software-framework/bebop_ws/build/joy_teleop/CMakeFiles/CMakeTmp

Run Build Command:"/usr/bin/make" "cmTC_dd435/fast"
/usr/bin/make -f CMakeFiles/cmTC_dd435.dir/build.make CMakeFiles/cmTC_dd435.dir/build
make[1]: Entering directory '/home/chris/bebop-software-framework/bebop_ws/build/joy_teleop/CMakeFiles/CMakeTmp'
Building C object CMakeFiles/cmTC_dd435.dir/CheckSymbolExists.c.o
/usr/bin/cc    -o CMakeFiles/cmTC_dd435.dir/CheckSymbolExists.c.o   -c /home/chris/bebop-software-framework/bebop_ws/build/joy_teleop/CMakeFiles/CMakeTmp/CheckSymbolExists.c
Linking C executable cmTC_dd435
/usr/local/bin/cmake -E cmake_link_script CMakeFiles/cmTC_dd435.dir/link.txt --verbose=1
/usr/bin/cc      -rdynamic CMakeFiles/cmTC_dd435.dir/CheckSymbolExists.c.o  -o cmTC_dd435 
CMakeFiles/cmTC_dd435.dir/CheckSymbolExists.c.o: In function `main':
CheckSymbolExists.c:(.text+0x1b): undefined reference to `pthread_create'
collect2: error: ld returned 1 exit status
CMakeFiles/cmTC_dd435.dir/build.make:86: recipe for target 'cmTC_dd435' failed
make[1]: *** [cmTC_dd435] Error 1
make[1]: Leaving directory '/home/chris/bebop-software-framework/bebop_ws/build/joy_teleop/CMakeFiles/CMakeTmp'
Makefile:126: recipe for target 'cmTC_dd435/fast' failed
make: *** [cmTC_dd435/fast] Error 2

File /home/chris/bebop-software-framework/bebop_ws/build/joy_teleop/CMakeFiles/CMakeTmp/CheckSymbolExists.c:
/* */
#include <pthread.h>

int main(int argc, char** argv)
{
  (void)argv;
#ifndef pthread_create
  return ((int*)(&pthread_create))[argc];
#else
  (void)argc;
  return 0;
#endif
}

Determining if the function pthread_create exists in the pthreads failed with the following output:
Change Dir: /home/chris/bebop-software-framework/bebop_ws/build/joy_teleop/CMakeFiles/CMakeTmp

Run Build Command:"/usr/bin/make" "cmTC_dcd3b/fast"
/usr/bin/make -f CMakeFiles/cmTC_dcd3b.dir/build.make CMakeFiles/cmTC_dcd3b.dir/build
make[1]: Entering directory '/home/chris/bebop-software-framework/bebop_ws/build/joy_teleop/CMakeFiles/CMakeTmp'
Building C object CMakeFiles/cmTC_dcd3b.dir/CheckFunctionExists.c.o
/usr/bin/cc   -DCHECK_FUNCTION_EXISTS=pthread_create   -o CMakeFiles/cmTC_dcd3b.dir/CheckFunctionExists.c.o   -c /usr/local/share/cmake-3.11/Modules/CheckFunctionExists.c
Linking C executable cmTC_dcd3b
/usr/local/bin/cmake -E cmake_link_script CMakeFiles/cmTC_dcd3b.dir/link.txt --verbose=1
/usr/bin/cc  -DCHECK_FUNCTION_EXISTS=pthread_create    -rdynamic CMakeFiles/cmTC_dcd3b.dir/CheckFunctionExists.c.o  -o cmTC_dcd3b -lpthreads 
/usr/bin/ld: cannot find -lpthreads
collect2: error: ld returned 1 exit status
CMakeFiles/cmTC_dcd3b.dir/build.make:86: recipe for target 'cmTC_dcd3b' failed
make[1]: *** [cmTC_dcd3b] Error 1
make[1]: Leaving directory '/home/chris/bebop-software-framework/bebop_ws/build/joy_teleop/CMakeFiles/CMakeTmp'
Makefile:126: recipe for target 'cmTC_dcd3b/fast' failed
make: *** [cmTC_dcd3b/fast] Error 2


