[35m[1mScanning dependencies of target std_msgs_generate_messages_nodejs[0m
[35m[1mScanning dependencies of target _bebop_experiments_generate_messages_check_deps_mtrspeeds[0m
[35m[1mScanning dependencies of target bebop_tf_broadcaster[0m
[  0%] Built target std_msgs_generate_messages_nodejs
[ 11%] [32mBuilding CXX object CMakeFiles/bebop_tf_broadcaster.dir/src/bebop_tf_broadcaster.cpp.o[0m
[35m[1mScanning dependencies of target std_msgs_generate_messages_py[0m
[35m[1mScanning dependencies of target std_msgs_generate_messages_cpp[0m
[35m[1mScanning dependencies of target std_msgs_generate_messages_lisp[0m
[ 11%] Built target std_msgs_generate_messages_py
[ 11%] Built target std_msgs_generate_messages_cpp
[ 11%] Built target std_msgs_generate_messages_lisp
[35m[1mScanning dependencies of target std_msgs_generate_messages_eus[0m
[ 11%] Built target _bebop_experiments_generate_messages_check_deps_mtrspeeds
[ 11%] Built target std_msgs_generate_messages_eus
[35m[1mScanning dependencies of target bebop_experiments_generate_messages_nodejs[0m
[35m[1mScanning dependencies of target bebop_experiments_generate_messages_py[0m
[ 22%] [34m[1mGenerating Python from MSG bebop_experiments/mtrspeeds[0m
[ 33%] [34m[1mGenerating Javascript code from bebop_experiments/mtrspeeds.msg[0m
[35m[1mScanning dependencies of target bebop_experiments_generate_messages_cpp[0m
[ 44%] [34m[1mGenerating C++ code from bebop_experiments/mtrspeeds.msg[0m
[ 44%] Built target bebop_experiments_generate_messages_nodejs
[35m[1mScanning dependencies of target bebop_experiments_generate_messages_lisp[0m
[ 55%] [34m[1mGenerating Lisp code from bebop_experiments/mtrspeeds.msg[0m
[35m[1mScanning dependencies of target bebop_experiments_generate_messages_eus[0m
[ 66%] [34m[1mGenerating EusLisp code from bebop_experiments/mtrspeeds.msg[0m
[ 66%] Built target bebop_experiments_generate_messages_lisp
[ 77%] [34m[1mGenerating Python msg __init__.py for bebop_experiments[0m
[ 88%] [34m[1mGenerating EusLisp manifest code for bebop_experiments[0m
[ 88%] Built target bebop_experiments_generate_messages_cpp
[ 88%] Built target bebop_experiments_generate_messages_py
[ 88%] Built target bebop_experiments_generate_messages_eus
[35m[1mScanning dependencies of target bebop_experiments_generate_messages[0m
[ 88%] Built target bebop_experiments_generate_messages
[100%] [32m[1mLinking CXX executable /home/chris/bebop-software-framework/bebop_ws/devel/.private/bebop_experiments/lib/bebop_experiments/bebop_tf_broadcaster[0m
[100%] Built target bebop_tf_broadcaster
