[01m[K/home/chris/bebop-software-framework/bebop_ws/src/bebop_experiments/src/bebop_tf_broadcaster.cpp:[m[K In function ‘[01m[Kvoid poseCallback(const PoseStamped&)[m[K’:
[01m[K/home/chris/bebop-software-framework/bebop_ws/src/bebop_experiments/src/bebop_tf_broadcaster.cpp:12:40:[m[K [01;31m[Kerror: [m[Kbase operand of ‘[01m[K->[m[K’ has non-pointer type ‘[01m[Kconst PoseStamped {aka const geometry_msgs::PoseStamped_<std::allocator<void> >}[m[K’
     transform.setOrigin(tf::Vector3(msg[01;31m[K->[m[Kpose.position.x, msg->pose.position.y, msg->pose.position.z));
                                        [01;31m[K^~[m[K
[01m[K/home/chris/bebop-software-framework/bebop_ws/src/bebop_experiments/src/bebop_tf_broadcaster.cpp:12:62:[m[K [01;31m[Kerror: [m[Kbase operand of ‘[01m[K->[m[K’ has non-pointer type ‘[01m[Kconst PoseStamped {aka const geometry_msgs::PoseStamped_<std::allocator<void> >}[m[K’
     transform.setOrigin(tf::Vector3(msg->pose.position.x, msg[01;31m[K->[m[Kpose.position.y, msg->pose.position.z));
                                                              [01;31m[K^~[m[K
[01m[K/home/chris/bebop-software-framework/bebop_ws/src/bebop_experiments/src/bebop_tf_broadcaster.cpp:12:84:[m[K [01;31m[Kerror: [m[Kbase operand of ‘[01m[K->[m[K’ has non-pointer type ‘[01m[Kconst PoseStamped {aka const geometry_msgs::PoseStamped_<std::allocator<void> >}[m[K’
     transform.setOrigin(tf::Vector3(msg->pose.position.x, msg->pose.position.y, msg[01;31m[K->[m[Kpose.position.z));
                                                                                    [01;31m[K^~[m[K
[01m[K/home/chris/bebop-software-framework/bebop_ws/src/bebop_experiments/src/bebop_tf_broadcaster.cpp:14:29:[m[K [01;31m[Kerror: [m[Kbase operand of ‘[01m[K->[m[K’ has non-pointer type ‘[01m[Kconst PoseStamped {aka const geometry_msgs::PoseStamped_<std::allocator<void> >}[m[K’
     q.setRPY(tf::Vector3(msg[01;31m[K->[m[Kpose.orientation.x, msg->pose.orientation.y, msg->pose.orientation,z),tf::TfScalor(msg->orientation.w));
                             [01;31m[K^~[m[K
[01m[K/home/chris/bebop-software-framework/bebop_ws/src/bebop_experiments/src/bebop_tf_broadcaster.cpp:14:54:[m[K [01;31m[Kerror: [m[Kbase operand of ‘[01m[K->[m[K’ has non-pointer type ‘[01m[Kconst PoseStamped {aka const geometry_msgs::PoseStamped_<std::allocator<void> >}[m[K’
     q.setRPY(tf::Vector3(msg->pose.orientation.x, msg[01;31m[K->[m[Kpose.orientation.y, msg->pose.orientation,z),tf::TfScalor(msg->orientation.w));
                                                      [01;31m[K^~[m[K
[01m[K/home/chris/bebop-software-framework/bebop_ws/src/bebop_experiments/src/bebop_tf_broadcaster.cpp:14:79:[m[K [01;31m[Kerror: [m[Kbase operand of ‘[01m[K->[m[K’ has non-pointer type ‘[01m[Kconst PoseStamped {aka const geometry_msgs::PoseStamped_<std::allocator<void> >}[m[K’
     q.setRPY(tf::Vector3(msg->pose.orientation.x, msg->pose.orientation.y, msg[01;31m[K->[m[Kpose.orientation,z),tf::TfScalor(msg->orientation.w));
                                                                               [01;31m[K^~[m[K
[01m[K/home/chris/bebop-software-framework/bebop_ws/src/bebop_experiments/src/bebop_tf_broadcaster.cpp:14:98:[m[K [01;31m[Kerror: [m[K‘[01m[Kz[m[K’ was not declared in this scope
     q.setRPY(tf::Vector3(msg->pose.orientation.x, msg->pose.orientation.y, msg->pose.orientation,[01;31m[Kz[m[K),tf::TfScalor(msg->orientation.w));
                                                                                                  [01;31m[K^[m[K
[01m[K/home/chris/bebop-software-framework/bebop_ws/src/bebop_experiments/src/bebop_tf_broadcaster.cpp:14:105:[m[K [01;31m[Kerror: [m[K‘[01m[KTfScalor[m[K’ is not a member of ‘[01m[Ktf[m[K’
     q.setRPY(tf::Vector3(msg->pose.orientation.x, msg->pose.orientation.y, msg->pose.orientation,z),tf::[01;31m[KTfScalor[m[K(msg->orientation.w));
                                                                                                         [01;31m[K^~~~~~~~[m[K
[01m[K/home/chris/bebop-software-framework/bebop_ws/src/bebop_experiments/src/bebop_tf_broadcaster.cpp:14:117:[m[K [01;31m[Kerror: [m[Kbase operand of ‘[01m[K->[m[K’ has non-pointer type ‘[01m[Kconst PoseStamped {aka const geometry_msgs::PoseStamped_<std::allocator<void> >}[m[K’
     q.setRPY(tf::Vector3(msg->pose.orientation.x, msg->pose.orientation.y, msg->pose.orientation,z),tf::TfScalor(msg[01;31m[K->[m[Korientation.w));
                                                                                                                     [01;31m[K^~[m[K
make[2]: *** [CMakeFiles/bebop_tf_broadcaster.dir/src/bebop_tf_broadcaster.cpp.o] Error 1
make[1]: *** [CMakeFiles/bebop_tf_broadcaster.dir/all] Error 2
make: *** [all] Error 2
