Determining if the pthread_create exist failed with the following output:
Change Dir: /home/chris/bebop-software-framework/bebop_ws/build/bebop_tools/CMakeFiles/CMakeTmp

Run Build Command:"/usr/bin/make" "cmTC_cb0e8/fast"
/usr/bin/make -f CMakeFiles/cmTC_cb0e8.dir/build.make CMakeFiles/cmTC_cb0e8.dir/build
make[1]: Entering directory '/home/chris/bebop-software-framework/bebop_ws/build/bebop_tools/CMakeFiles/CMakeTmp'
Building C object CMakeFiles/cmTC_cb0e8.dir/CheckSymbolExists.c.o
/usr/bin/cc    -o CMakeFiles/cmTC_cb0e8.dir/CheckSymbolExists.c.o   -c /home/chris/bebop-software-framework/bebop_ws/build/bebop_tools/CMakeFiles/CMakeTmp/CheckSymbolExists.c
Linking C executable cmTC_cb0e8
/usr/local/bin/cmake -E cmake_link_script CMakeFiles/cmTC_cb0e8.dir/link.txt --verbose=1
/usr/bin/cc      -rdynamic CMakeFiles/cmTC_cb0e8.dir/CheckSymbolExists.c.o  -o cmTC_cb0e8 
CMakeFiles/cmTC_cb0e8.dir/CheckSymbolExists.c.o: In function `main':
CheckSymbolExists.c:(.text+0x1b): undefined reference to `pthread_create'
collect2: error: ld returned 1 exit status
CMakeFiles/cmTC_cb0e8.dir/build.make:86: recipe for target 'cmTC_cb0e8' failed
make[1]: *** [cmTC_cb0e8] Error 1
make[1]: Leaving directory '/home/chris/bebop-software-framework/bebop_ws/build/bebop_tools/CMakeFiles/CMakeTmp'
Makefile:126: recipe for target 'cmTC_cb0e8/fast' failed
make: *** [cmTC_cb0e8/fast] Error 2

File /home/chris/bebop-software-framework/bebop_ws/build/bebop_tools/CMakeFiles/CMakeTmp/CheckSymbolExists.c:
/* */
#include <pthread.h>

int main(int argc, char** argv)
{
  (void)argv;
#ifndef pthread_create
  return ((int*)(&pthread_create))[argc];
#else
  (void)argc;
  return 0;
#endif
}

Determining if the function pthread_create exists in the pthreads failed with the following output:
Change Dir: /home/chris/bebop-software-framework/bebop_ws/build/bebop_tools/CMakeFiles/CMakeTmp

Run Build Command:"/usr/bin/make" "cmTC_724c3/fast"
/usr/bin/make -f CMakeFiles/cmTC_724c3.dir/build.make CMakeFiles/cmTC_724c3.dir/build
make[1]: Entering directory '/home/chris/bebop-software-framework/bebop_ws/build/bebop_tools/CMakeFiles/CMakeTmp'
Building C object CMakeFiles/cmTC_724c3.dir/CheckFunctionExists.c.o
/usr/bin/cc   -DCHECK_FUNCTION_EXISTS=pthread_create   -o CMakeFiles/cmTC_724c3.dir/CheckFunctionExists.c.o   -c /usr/local/share/cmake-3.11/Modules/CheckFunctionExists.c
Linking C executable cmTC_724c3
/usr/local/bin/cmake -E cmake_link_script CMakeFiles/cmTC_724c3.dir/link.txt --verbose=1
/usr/bin/cc  -DCHECK_FUNCTION_EXISTS=pthread_create    -rdynamic CMakeFiles/cmTC_724c3.dir/CheckFunctionExists.c.o  -o cmTC_724c3 -lpthreads 
/usr/bin/ld: cannot find -lpthreads
collect2: error: ld returned 1 exit status
CMakeFiles/cmTC_724c3.dir/build.make:86: recipe for target 'cmTC_724c3' failed
make[1]: *** [cmTC_724c3] Error 1
make[1]: Leaving directory '/home/chris/bebop-software-framework/bebop_ws/build/bebop_tools/CMakeFiles/CMakeTmp'
Makefile:126: recipe for target 'cmTC_724c3/fast' failed
make: *** [cmTC_724c3/fast] Error 2


