Determining if the pthread_create exist failed with the following output:
Change Dir: /home/chris/bebop_ws/build/mav_state_machine_msgs/CMakeFiles/CMakeTmp

Run Build Command:"/usr/bin/make" "cmTC_1615f/fast"
/usr/bin/make -f CMakeFiles/cmTC_1615f.dir/build.make CMakeFiles/cmTC_1615f.dir/build
make[1]: Entering directory '/home/chris/bebop_ws/build/mav_state_machine_msgs/CMakeFiles/CMakeTmp'
Building C object CMakeFiles/cmTC_1615f.dir/CheckSymbolExists.c.o
/usr/bin/cc    -o CMakeFiles/cmTC_1615f.dir/CheckSymbolExists.c.o   -c /home/chris/bebop_ws/build/mav_state_machine_msgs/CMakeFiles/CMakeTmp/CheckSymbolExists.c
Linking C executable cmTC_1615f
/usr/local/bin/cmake -E cmake_link_script CMakeFiles/cmTC_1615f.dir/link.txt --verbose=1
/usr/bin/cc      -rdynamic CMakeFiles/cmTC_1615f.dir/CheckSymbolExists.c.o  -o cmTC_1615f 
CMakeFiles/cmTC_1615f.dir/CheckSymbolExists.c.o: In function `main':
CheckSymbolExists.c:(.text+0x1b): undefined reference to `pthread_create'
collect2: error: ld returned 1 exit status
CMakeFiles/cmTC_1615f.dir/build.make:86: recipe for target 'cmTC_1615f' failed
make[1]: *** [cmTC_1615f] Error 1
make[1]: Leaving directory '/home/chris/bebop_ws/build/mav_state_machine_msgs/CMakeFiles/CMakeTmp'
Makefile:126: recipe for target 'cmTC_1615f/fast' failed
make: *** [cmTC_1615f/fast] Error 2

File /home/chris/bebop_ws/build/mav_state_machine_msgs/CMakeFiles/CMakeTmp/CheckSymbolExists.c:
/* */
#include <pthread.h>

int main(int argc, char** argv)
{
  (void)argv;
#ifndef pthread_create
  return ((int*)(&pthread_create))[argc];
#else
  (void)argc;
  return 0;
#endif
}

Determining if the function pthread_create exists in the pthreads failed with the following output:
Change Dir: /home/chris/bebop_ws/build/mav_state_machine_msgs/CMakeFiles/CMakeTmp

Run Build Command:"/usr/bin/make" "cmTC_412bf/fast"
/usr/bin/make -f CMakeFiles/cmTC_412bf.dir/build.make CMakeFiles/cmTC_412bf.dir/build
make[1]: Entering directory '/home/chris/bebop_ws/build/mav_state_machine_msgs/CMakeFiles/CMakeTmp'
Building C object CMakeFiles/cmTC_412bf.dir/CheckFunctionExists.c.o
/usr/bin/cc   -DCHECK_FUNCTION_EXISTS=pthread_create   -o CMakeFiles/cmTC_412bf.dir/CheckFunctionExists.c.o   -c /usr/local/share/cmake-3.11/Modules/CheckFunctionExists.c
Linking C executable cmTC_412bf
/usr/local/bin/cmake -E cmake_link_script CMakeFiles/cmTC_412bf.dir/link.txt --verbose=1
/usr/bin/cc  -DCHECK_FUNCTION_EXISTS=pthread_create    -rdynamic CMakeFiles/cmTC_412bf.dir/CheckFunctionExists.c.o  -o cmTC_412bf -lpthreads 
/usr/bin/ld: cannot find -lpthreads
collect2: error: ld returned 1 exit status
CMakeFiles/cmTC_412bf.dir/build.make:86: recipe for target 'cmTC_412bf' failed
make[1]: *** [cmTC_412bf] Error 1
make[1]: Leaving directory '/home/chris/bebop_ws/build/mav_state_machine_msgs/CMakeFiles/CMakeTmp'
Makefile:126: recipe for target 'cmTC_412bf/fast' failed
make: *** [cmTC_412bf/fast] Error 2


