Determining if the pthread_create exist failed with the following output:
Change Dir: /home/chris/bebop-software-framework/bebop_ws/build/bebop_driver/CMakeFiles/CMakeTmp

Run Build Command:"/usr/bin/make" "cmTC_5d010/fast"
/usr/bin/make -f CMakeFiles/cmTC_5d010.dir/build.make CMakeFiles/cmTC_5d010.dir/build
make[1]: Entering directory '/home/chris/bebop-software-framework/bebop_ws/build/bebop_driver/CMakeFiles/CMakeTmp'
Building C object CMakeFiles/cmTC_5d010.dir/CheckSymbolExists.c.o
/usr/bin/cc    -o CMakeFiles/cmTC_5d010.dir/CheckSymbolExists.c.o   -c /home/chris/bebop-software-framework/bebop_ws/build/bebop_driver/CMakeFiles/CMakeTmp/CheckSymbolExists.c
Linking C executable cmTC_5d010
/usr/local/bin/cmake -E cmake_link_script CMakeFiles/cmTC_5d010.dir/link.txt --verbose=1
/usr/bin/cc      -rdynamic CMakeFiles/cmTC_5d010.dir/CheckSymbolExists.c.o  -o cmTC_5d010 
CMakeFiles/cmTC_5d010.dir/CheckSymbolExists.c.o: In function `main':
CheckSymbolExists.c:(.text+0x1b): undefined reference to `pthread_create'
collect2: error: ld returned 1 exit status
CMakeFiles/cmTC_5d010.dir/build.make:86: recipe for target 'cmTC_5d010' failed
make[1]: *** [cmTC_5d010] Error 1
make[1]: Leaving directory '/home/chris/bebop-software-framework/bebop_ws/build/bebop_driver/CMakeFiles/CMakeTmp'
Makefile:126: recipe for target 'cmTC_5d010/fast' failed
make: *** [cmTC_5d010/fast] Error 2

File /home/chris/bebop-software-framework/bebop_ws/build/bebop_driver/CMakeFiles/CMakeTmp/CheckSymbolExists.c:
/* */
#include <pthread.h>

int main(int argc, char** argv)
{
  (void)argv;
#ifndef pthread_create
  return ((int*)(&pthread_create))[argc];
#else
  (void)argc;
  return 0;
#endif
}

Determining if the function pthread_create exists in the pthreads failed with the following output:
Change Dir: /home/chris/bebop-software-framework/bebop_ws/build/bebop_driver/CMakeFiles/CMakeTmp

Run Build Command:"/usr/bin/make" "cmTC_c341c/fast"
/usr/bin/make -f CMakeFiles/cmTC_c341c.dir/build.make CMakeFiles/cmTC_c341c.dir/build
make[1]: Entering directory '/home/chris/bebop-software-framework/bebop_ws/build/bebop_driver/CMakeFiles/CMakeTmp'
Building C object CMakeFiles/cmTC_c341c.dir/CheckFunctionExists.c.o
/usr/bin/cc   -DCHECK_FUNCTION_EXISTS=pthread_create   -o CMakeFiles/cmTC_c341c.dir/CheckFunctionExists.c.o   -c /usr/local/share/cmake-3.11/Modules/CheckFunctionExists.c
Linking C executable cmTC_c341c
/usr/local/bin/cmake -E cmake_link_script CMakeFiles/cmTC_c341c.dir/link.txt --verbose=1
/usr/bin/cc  -DCHECK_FUNCTION_EXISTS=pthread_create    -rdynamic CMakeFiles/cmTC_c341c.dir/CheckFunctionExists.c.o  -o cmTC_c341c -lpthreads 
/usr/bin/ld: cannot find -lpthreads
collect2: error: ld returned 1 exit status
CMakeFiles/cmTC_c341c.dir/build.make:86: recipe for target 'cmTC_c341c' failed
make[1]: *** [cmTC_c341c] Error 1
make[1]: Leaving directory '/home/chris/bebop-software-framework/bebop_ws/build/bebop_driver/CMakeFiles/CMakeTmp'
Makefile:126: recipe for target 'cmTC_c341c/fast' failed
make: *** [cmTC_c341c/fast] Error 2


