[01m[K/home/chris/bebop-software-framework/bebop_ws/src/bebop_controller/scripts/controller_diff_flat_yaw.cpp:[m[K In member function ‘[01m[Kvoid Controller::iteration(const ros::TimerEvent&)[m[K’:
[01m[K/home/chris/bebop-software-framework/bebop_ws/src/bebop_controller/scripts/controller_diff_flat_yaw.cpp:141:79:[m[K [01;31m[Kerror: [m[Kbase operand of ‘[01m[K->[m[K’ has non-pointer type ‘[01m[Kgeometry_msgs::PoseStamped {aka geometry_msgs::PoseStamped_<std::allocator<void> >}[m[K’
   std::cout <<"targetdrone position x: [%f], y: [%f], z: [%f]: "<< targetDrone[01;31m[K->[m[Kpose.position.x, targetDrone->pose.position.y,targetDrone->pose.position.z << std::endl;
                                                                               [01;31m[K^~[m[K
[01m[K/home/chris/bebop-software-framework/bebop_ws/src/bebop_controller/scripts/controller_diff_flat_yaw.cpp:141:109:[m[K [01;31m[Kerror: [m[Kbase operand of ‘[01m[K->[m[K’ has non-pointer type ‘[01m[Kgeometry_msgs::PoseStamped {aka geometry_msgs::PoseStamped_<std::allocator<void> >}[m[K’
   std::cout <<"targetdrone position x: [%f], y: [%f], z: [%f]: "<< targetDrone->pose.position.x, targetDrone[01;31m[K->[m[Kpose.position.y,targetDrone->pose.position.z << std::endl;
                                                                                                             [01;31m[K^~[m[K
[01m[K/home/chris/bebop-software-framework/bebop_ws/src/bebop_controller/scripts/controller_diff_flat_yaw.cpp:141:138:[m[K [01;31m[Kerror: [m[Kbase operand of ‘[01m[K->[m[K’ has non-pointer type ‘[01m[Kgeometry_msgs::PoseStamped {aka geometry_msgs::PoseStamped_<std::allocator<void> >}[m[K’
   std::cout <<"targetdrone position x: [%f], y: [%f], z: [%f]: "<< targetDrone->pose.position.x, targetDrone->pose.position.y,targetDrone[01;31m[K->[m[Kpose.position.z << std::endl;
                                                                                                                                          [01;31m[K^~[m[K
[01m[K/home/chris/bebop-software-framework/bebop_ws/src/bebop_controller/scripts/controller_diff_flat_yaw.cpp:142:90:[m[K [01;31m[Kerror: [m[Kbase operand of ‘[01m[K->[m[K’ has non-pointer type ‘[01m[Kgeometry_msgs::PoseStamped {aka geometry_msgs::PoseStamped_<std::allocator<void> >}[m[K’
   std::cout <<"targetdrone orientation x: [%f], y: [%f], z: [%f], w:[%f]: " <<targetDrone[01;31m[K->[m[Kpose.orientation.x, targetDrone->pose.orientation.y, targetDrone->pose.orientation.z, targetDrone->pose.orientation.w<<std::endl;
                                                                                          [01;31m[K^~[m[K
[01m[K/home/chris/bebop-software-framework/bebop_ws/src/bebop_controller/scripts/controller_diff_flat_yaw.cpp:142:123:[m[K [01;31m[Kerror: [m[Kbase operand of ‘[01m[K->[m[K’ has non-pointer type ‘[01m[Kgeometry_msgs::PoseStamped {aka geometry_msgs::PoseStamped_<std::allocator<void> >}[m[K’
   std::cout <<"targetdrone orientation x: [%f], y: [%f], z: [%f], w:[%f]: " <<targetDrone->pose.orientation.x, targetDrone[01;31m[K->[m[Kpose.orientation.y, targetDrone->pose.orientation.z, targetDrone->pose.orientation.w<<std::endl;
                                                                                                                           [01;31m[K^~[m[K
[01m[K/home/chris/bebop-software-framework/bebop_ws/src/bebop_controller/scripts/controller_diff_flat_yaw.cpp:142:156:[m[K [01;31m[Kerror: [m[Kbase operand of ‘[01m[K->[m[K’ has non-pointer type ‘[01m[Kgeometry_msgs::PoseStamped {aka geometry_msgs::PoseStamped_<std::allocator<void> >}[m[K’
   std::cout <<"targetdrone orientation x: [%f], y: [%f], z: [%f], w:[%f]: " <<targetDrone->pose.orientation.x, targetDrone->pose.orientation.y, targetDrone[01;31m[K->[m[Kpose.orientation.z, targetDrone->pose.orientation.w<<std::endl;
                                                                                                                                                            [01;31m[K^~[m[K
[01m[K/home/chris/bebop-software-framework/bebop_ws/src/bebop_controller/scripts/controller_diff_flat_yaw.cpp:142:189:[m[K [01;31m[Kerror: [m[Kbase operand of ‘[01m[K->[m[K’ has non-pointer type ‘[01m[Kgeometry_msgs::PoseStamped {aka geometry_msgs::PoseStamped_<std::allocator<void> >}[m[K’
   std::cout <<"targetdrone orientation x: [%f], y: [%f], z: [%f], w:[%f]: " <<targetDrone->pose.orientation.x, targetDrone->pose.orientation.y, targetDrone->pose.orientation.z, targetDrone[01;31m[K->[m[Kpose.orientation.w<<std::endl;
                                                                                                                                                                                             [01;31m[K^~[m[K
make[2]: *** [CMakeFiles/bebop_controller_diff_flat_yaw.dir/scripts/controller_diff_flat_yaw.cpp.o] Error 1
make[1]: *** [CMakeFiles/bebop_controller_diff_flat_yaw.dir/all] Error 2
make: *** [all] Error 2
