[35m[1mScanning dependencies of target bebop_controller_diff_flat_yaw[0m
[ 16%] [32mBuilding CXX object CMakeFiles/bebop_controller_diff_flat_yaw.dir/scripts/controller_diff_flat_yaw.cpp.o[0m
[ 50%] Built target bebop_controller_diff_flat
[ 83%] Built target bebop_controller
In file included from [01m[K/opt/ros/melodic/include/ros/ros.h:40:0[m[K,
                 from [01m[K/home/chris/bebop-software-framework/bebop_ws/src/bebop_controller/scripts/controller_diff_flat_yaw.cpp:1[m[K:
[01m[K/home/chris/bebop-software-framework/bebop_ws/src/bebop_controller/scripts/controller_diff_flat_yaw.cpp:[m[K In member function ‘[01m[Kvoid Controller::iteration(const ros::TimerEvent&)[m[K’:
[01m[K/opt/ros/melodic/include/ros/console.h:348:176:[m[K [01;35m[Kwarning: [m[Kformat ‘[01m[K%lf[m[K’ expects a matching ‘[01m[Kdouble[m[K’ argument [[01;35m[K-Wformat=[m[K]
     ::ros::console::print(filter, __rosconsole_define_location__loc.logger_, __rosconsole_define_location__loc.level_, __FILE__, __LINE__, __ROSCONSOLE_FUNCTION__, __VA_ARGS__[01;35m[K)[m[K
                                                                                                                                                                                [01;35m[K^[m[K
[01m[K/opt/ros/melodic/include/ros/console.h:351:5:[m[K [01;36m[Knote: [m[Kin expansion of macro ‘[01m[KROSCONSOLE_PRINT_AT_LOCATION_WITH_FILTER[m[K’
     [01;36m[KROSCONSOLE_PRINT_AT_LOCATION_WITH_FILTER[m[K(NULL, __VA_ARGS__)
     [01;36m[K^~~~~~~~~~~~~~~~~~~~~~~~~~~~~~~~~~~~~~~~[m[K
[01m[K/opt/ros/melodic/include/ros/console.h:387:7:[m[K [01;36m[Knote: [m[Kin expansion of macro ‘[01m[KROSCONSOLE_PRINT_AT_LOCATION[m[K’
       [01;36m[KROSCONSOLE_PRINT_AT_LOCATION[m[K(__VA_ARGS__); \
       [01;36m[K^~~~~~~~~~~~~~~~~~~~~~~~~~~~[m[K
[01m[K/opt/ros/melodic/include/ros/console.h:572:35:[m[K [01;36m[Knote: [m[Kin expansion of macro ‘[01m[KROS_LOG_COND[m[K’
 #define ROS_LOG(level, name, ...) [01;36m[KROS_LOG_COND[m[K(true, level, name, __VA_ARGS__)
                                   [01;36m[K^~~~~~~~~~~~[m[K
[01m[K/opt/ros/melodic/include/rosconsole/macros_generated.h:110:23:[m[K [01;36m[Knote: [m[Kin expansion of macro ‘[01m[KROS_LOG[m[K’
 #define ROS_INFO(...) [01;36m[KROS_LOG[m[K(::ros::console::levels::Info, ROSCONSOLE_DEFAULT_NAME, __VA_ARGS__)
                       [01;36m[K^~~~~~~[m[K
[01m[K/home/chris/bebop-software-framework/bebop_ws/src/bebop_controller/scripts/controller_diff_flat_yaw.cpp:167:17:[m[K [01;36m[Knote: [m[Kin expansion of macro ‘[01m[KROS_INFO[m[K’
                 [01;36m[KR[m[KOS_INFO("targetdrone degrees: [%lf], roll: [%lf], pitch: [%lf], yaw:[%lf]: ", roll, pitch, yaw);
                 [01;36m[K^[m[K
[100%] [32m[1mLinking CXX executable /home/chris/bebop-software-framework/bebop_ws/devel/.private/bebop_controller/lib/bebop_controller/bebop_controller_diff_flat_yaw[0m
[100%] Built target bebop_controller_diff_flat_yaw
