In file included from [01m[K/home/chris/bebop-software-framework/bebop_ws/src/bebop_controller/scripts/controller.cpp:7:0[m[K:
[01m[K/home/chris/bebop-software-framework/bebop_ws/src/bebop_controller/scripts/pid.hpp:[m[K In member function ‘[01m[Kfloat PID::update(float, float)[m[K’:
[01m[K/home/chris/bebop-software-framework/bebop_ws/src/bebop_controller/scripts/pid.hpp:65:9:[m[K [01;31m[Kerror: [m[Kexpected ‘[01m[K;[m[K’ before ‘[01m[Kstd[m[K’
         [01;31m[Kstd[m[K::cout<<"der: "<<d <<std::endl
         [01;31m[K^~~[m[K
In file included from [01m[K/home/chris/bebop-software-framework/bebop_ws/src/bebop_controller/scripts/controller_diff_flat_yaw.cpp:8:0[m[K:
[01m[K/home/chris/bebop-software-framework/bebop_ws/src/bebop_controller/scripts/pid.hpp:[m[K In member function ‘[01m[Kfloat PID::update(float, float)[m[K’:
[01m[K/home/chris/bebop-software-framework/bebop_ws/src/bebop_controller/scripts/pid.hpp:65:9:[m[K [01;31m[Kerror: [m[Kexpected ‘[01m[K;[m[K’ before ‘[01m[Kstd[m[K’
         [01;31m[Kstd[m[K::cout<<"der: "<<d <<std::endl
         [01;31m[K^~~[m[K
In file included from [01m[K/home/chris/bebop-software-framework/bebop_ws/src/bebop_controller/scripts/controller_diff_flat.cpp:8:0[m[K:
[01m[K/home/chris/bebop-software-framework/bebop_ws/src/bebop_controller/scripts/pid.hpp:[m[K In member function ‘[01m[Kfloat PID::update(float, float)[m[K’:
[01m[K/home/chris/bebop-software-framework/bebop_ws/src/bebop_controller/scripts/pid.hpp:65:9:[m[K [01;31m[Kerror: [m[Kexpected ‘[01m[K;[m[K’ before ‘[01m[Kstd[m[K’
         [01;31m[Kstd[m[K::cout<<"der: "<<d <<std::endl
         [01;31m[K^~~[m[K
make[2]: *** [CMakeFiles/bebop_controller.dir/scripts/controller.cpp.o] Error 1
make[1]: *** [CMakeFiles/bebop_controller.dir/all] Error 2
make[1]: *** Waiting for unfinished jobs....
make[2]: *** [CMakeFiles/bebop_controller_diff_flat_yaw.dir/scripts/controller_diff_flat_yaw.cpp.o] Error 1
make[1]: *** [CMakeFiles/bebop_controller_diff_flat_yaw.dir/all] Error 2
make[2]: *** [CMakeFiles/bebop_controller_diff_flat.dir/scripts/controller_diff_flat.cpp.o] Error 1
make[1]: *** [CMakeFiles/bebop_controller_diff_flat.dir/all] Error 2
make: *** [all] Error 2
