Determining if the pthread_create exist failed with the following output:
Change Dir: /home/chris/bebop_ws/build/teleop_tools_msgs/CMakeFiles/CMakeTmp

Run Build Command:"/usr/bin/make" "cmTC_8b0b6/fast"
/usr/bin/make -f CMakeFiles/cmTC_8b0b6.dir/build.make CMakeFiles/cmTC_8b0b6.dir/build
make[1]: Entering directory '/home/chris/bebop_ws/build/teleop_tools_msgs/CMakeFiles/CMakeTmp'
Building C object CMakeFiles/cmTC_8b0b6.dir/CheckSymbolExists.c.o
/usr/bin/cc    -o CMakeFiles/cmTC_8b0b6.dir/CheckSymbolExists.c.o   -c /home/chris/bebop_ws/build/teleop_tools_msgs/CMakeFiles/CMakeTmp/CheckSymbolExists.c
Linking C executable cmTC_8b0b6
/usr/local/bin/cmake -E cmake_link_script CMakeFiles/cmTC_8b0b6.dir/link.txt --verbose=1
/usr/bin/cc      -rdynamic CMakeFiles/cmTC_8b0b6.dir/CheckSymbolExists.c.o  -o cmTC_8b0b6 
CMakeFiles/cmTC_8b0b6.dir/CheckSymbolExists.c.o: In function `main':
CheckSymbolExists.c:(.text+0x1b): undefined reference to `pthread_create'
collect2: error: ld returned 1 exit status
CMakeFiles/cmTC_8b0b6.dir/build.make:86: recipe for target 'cmTC_8b0b6' failed
make[1]: *** [cmTC_8b0b6] Error 1
make[1]: Leaving directory '/home/chris/bebop_ws/build/teleop_tools_msgs/CMakeFiles/CMakeTmp'
Makefile:126: recipe for target 'cmTC_8b0b6/fast' failed
make: *** [cmTC_8b0b6/fast] Error 2

File /home/chris/bebop_ws/build/teleop_tools_msgs/CMakeFiles/CMakeTmp/CheckSymbolExists.c:
/* */
#include <pthread.h>

int main(int argc, char** argv)
{
  (void)argv;
#ifndef pthread_create
  return ((int*)(&pthread_create))[argc];
#else
  (void)argc;
  return 0;
#endif
}

Determining if the function pthread_create exists in the pthreads failed with the following output:
Change Dir: /home/chris/bebop_ws/build/teleop_tools_msgs/CMakeFiles/CMakeTmp

Run Build Command:"/usr/bin/make" "cmTC_73a73/fast"
/usr/bin/make -f CMakeFiles/cmTC_73a73.dir/build.make CMakeFiles/cmTC_73a73.dir/build
make[1]: Entering directory '/home/chris/bebop_ws/build/teleop_tools_msgs/CMakeFiles/CMakeTmp'
Building C object CMakeFiles/cmTC_73a73.dir/CheckFunctionExists.c.o
/usr/bin/cc   -DCHECK_FUNCTION_EXISTS=pthread_create   -o CMakeFiles/cmTC_73a73.dir/CheckFunctionExists.c.o   -c /usr/local/share/cmake-3.11/Modules/CheckFunctionExists.c
Linking C executable cmTC_73a73
/usr/local/bin/cmake -E cmake_link_script CMakeFiles/cmTC_73a73.dir/link.txt --verbose=1
/usr/bin/cc  -DCHECK_FUNCTION_EXISTS=pthread_create    -rdynamic CMakeFiles/cmTC_73a73.dir/CheckFunctionExists.c.o  -o cmTC_73a73 -lpthreads 
/usr/bin/ld: cannot find -lpthreads
collect2: error: ld returned 1 exit status
CMakeFiles/cmTC_73a73.dir/build.make:86: recipe for target 'cmTC_73a73' failed
make[1]: *** [cmTC_73a73] Error 1
make[1]: Leaving directory '/home/chris/bebop_ws/build/teleop_tools_msgs/CMakeFiles/CMakeTmp'
Makefile:126: recipe for target 'cmTC_73a73/fast' failed
make: *** [cmTC_73a73/fast] Error 2


