Determining if the pthread_create exist failed with the following output:
Change Dir: /home/chris/bebop_ws/build/rotors_control/CMakeFiles/CMakeTmp

Run Build Command:"/usr/bin/make" "cmTC_41886/fast"
/usr/bin/make -f CMakeFiles/cmTC_41886.dir/build.make CMakeFiles/cmTC_41886.dir/build
make[1]: Entering directory '/home/chris/bebop_ws/build/rotors_control/CMakeFiles/CMakeTmp'
Building C object CMakeFiles/cmTC_41886.dir/CheckSymbolExists.c.o
/usr/bin/cc    -o CMakeFiles/cmTC_41886.dir/CheckSymbolExists.c.o   -c /home/chris/bebop_ws/build/rotors_control/CMakeFiles/CMakeTmp/CheckSymbolExists.c
Linking C executable cmTC_41886
/usr/local/bin/cmake -E cmake_link_script CMakeFiles/cmTC_41886.dir/link.txt --verbose=1
/usr/bin/cc      -rdynamic CMakeFiles/cmTC_41886.dir/CheckSymbolExists.c.o  -o cmTC_41886 
CMakeFiles/cmTC_41886.dir/CheckSymbolExists.c.o: In function `main':
CheckSymbolExists.c:(.text+0x1b): undefined reference to `pthread_create'
collect2: error: ld returned 1 exit status
CMakeFiles/cmTC_41886.dir/build.make:86: recipe for target 'cmTC_41886' failed
make[1]: *** [cmTC_41886] Error 1
make[1]: Leaving directory '/home/chris/bebop_ws/build/rotors_control/CMakeFiles/CMakeTmp'
Makefile:126: recipe for target 'cmTC_41886/fast' failed
make: *** [cmTC_41886/fast] Error 2

File /home/chris/bebop_ws/build/rotors_control/CMakeFiles/CMakeTmp/CheckSymbolExists.c:
/* */
#include <pthread.h>

int main(int argc, char** argv)
{
  (void)argv;
#ifndef pthread_create
  return ((int*)(&pthread_create))[argc];
#else
  (void)argc;
  return 0;
#endif
}

Determining if the function pthread_create exists in the pthreads failed with the following output:
Change Dir: /home/chris/bebop_ws/build/rotors_control/CMakeFiles/CMakeTmp

Run Build Command:"/usr/bin/make" "cmTC_390b5/fast"
/usr/bin/make -f CMakeFiles/cmTC_390b5.dir/build.make CMakeFiles/cmTC_390b5.dir/build
make[1]: Entering directory '/home/chris/bebop_ws/build/rotors_control/CMakeFiles/CMakeTmp'
Building C object CMakeFiles/cmTC_390b5.dir/CheckFunctionExists.c.o
/usr/bin/cc   -DCHECK_FUNCTION_EXISTS=pthread_create   -o CMakeFiles/cmTC_390b5.dir/CheckFunctionExists.c.o   -c /usr/local/share/cmake-3.11/Modules/CheckFunctionExists.c
Linking C executable cmTC_390b5
/usr/local/bin/cmake -E cmake_link_script CMakeFiles/cmTC_390b5.dir/link.txt --verbose=1
/usr/bin/cc  -DCHECK_FUNCTION_EXISTS=pthread_create    -rdynamic CMakeFiles/cmTC_390b5.dir/CheckFunctionExists.c.o  -o cmTC_390b5 -lpthreads 
/usr/bin/ld: cannot find -lpthreads
collect2: error: ld returned 1 exit status
CMakeFiles/cmTC_390b5.dir/build.make:86: recipe for target 'cmTC_390b5' failed
make[1]: *** [cmTC_390b5] Error 1
make[1]: Leaving directory '/home/chris/bebop_ws/build/rotors_control/CMakeFiles/CMakeTmp'
Makefile:126: recipe for target 'cmTC_390b5/fast' failed
make: *** [cmTC_390b5/fast] Error 2


