Determining if the pthread_create exist failed with the following output:
Change Dir: /home/chris/bebop-software-framework/bebop_ws/build/rotors_hil_interface/CMakeFiles/CMakeTmp

Run Build Command:"/usr/bin/make" "cmTC_a1d3f/fast"
/usr/bin/make -f CMakeFiles/cmTC_a1d3f.dir/build.make CMakeFiles/cmTC_a1d3f.dir/build
make[1]: Entering directory '/home/chris/bebop-software-framework/bebop_ws/build/rotors_hil_interface/CMakeFiles/CMakeTmp'
Building C object CMakeFiles/cmTC_a1d3f.dir/CheckSymbolExists.c.o
/usr/bin/cc    -o CMakeFiles/cmTC_a1d3f.dir/CheckSymbolExists.c.o   -c /home/chris/bebop-software-framework/bebop_ws/build/rotors_hil_interface/CMakeFiles/CMakeTmp/CheckSymbolExists.c
Linking C executable cmTC_a1d3f
/usr/local/bin/cmake -E cmake_link_script CMakeFiles/cmTC_a1d3f.dir/link.txt --verbose=1
/usr/bin/cc      -rdynamic CMakeFiles/cmTC_a1d3f.dir/CheckSymbolExists.c.o  -o cmTC_a1d3f 
CMakeFiles/cmTC_a1d3f.dir/CheckSymbolExists.c.o: In function `main':
CheckSymbolExists.c:(.text+0x1b): undefined reference to `pthread_create'
collect2: error: ld returned 1 exit status
CMakeFiles/cmTC_a1d3f.dir/build.make:86: recipe for target 'cmTC_a1d3f' failed
make[1]: *** [cmTC_a1d3f] Error 1
make[1]: Leaving directory '/home/chris/bebop-software-framework/bebop_ws/build/rotors_hil_interface/CMakeFiles/CMakeTmp'
Makefile:126: recipe for target 'cmTC_a1d3f/fast' failed
make: *** [cmTC_a1d3f/fast] Error 2

File /home/chris/bebop-software-framework/bebop_ws/build/rotors_hil_interface/CMakeFiles/CMakeTmp/CheckSymbolExists.c:
/* */
#include <pthread.h>

int main(int argc, char** argv)
{
  (void)argv;
#ifndef pthread_create
  return ((int*)(&pthread_create))[argc];
#else
  (void)argc;
  return 0;
#endif
}

Determining if the function pthread_create exists in the pthreads failed with the following output:
Change Dir: /home/chris/bebop-software-framework/bebop_ws/build/rotors_hil_interface/CMakeFiles/CMakeTmp

Run Build Command:"/usr/bin/make" "cmTC_f14f6/fast"
/usr/bin/make -f CMakeFiles/cmTC_f14f6.dir/build.make CMakeFiles/cmTC_f14f6.dir/build
make[1]: Entering directory '/home/chris/bebop-software-framework/bebop_ws/build/rotors_hil_interface/CMakeFiles/CMakeTmp'
Building C object CMakeFiles/cmTC_f14f6.dir/CheckFunctionExists.c.o
/usr/bin/cc   -DCHECK_FUNCTION_EXISTS=pthread_create   -o CMakeFiles/cmTC_f14f6.dir/CheckFunctionExists.c.o   -c /usr/local/share/cmake-3.11/Modules/CheckFunctionExists.c
Linking C executable cmTC_f14f6
/usr/local/bin/cmake -E cmake_link_script CMakeFiles/cmTC_f14f6.dir/link.txt --verbose=1
/usr/bin/cc  -DCHECK_FUNCTION_EXISTS=pthread_create    -rdynamic CMakeFiles/cmTC_f14f6.dir/CheckFunctionExists.c.o  -o cmTC_f14f6 -lpthreads 
/usr/bin/ld: cannot find -lpthreads
collect2: error: ld returned 1 exit status
CMakeFiles/cmTC_f14f6.dir/build.make:86: recipe for target 'cmTC_f14f6' failed
make[1]: *** [cmTC_f14f6] Error 1
make[1]: Leaving directory '/home/chris/bebop-software-framework/bebop_ws/build/rotors_hil_interface/CMakeFiles/CMakeTmp'
Makefile:126: recipe for target 'cmTC_f14f6/fast' failed
make: *** [cmTC_f14f6/fast] Error 2


