Determining if the pthread_create exist failed with the following output:
Change Dir: /home/chris/bebop-software-framework/bebop_ws/build/mav_system_msgs/CMakeFiles/CMakeTmp

Run Build Command:"/usr/bin/make" "cmTC_546ca/fast"
/usr/bin/make -f CMakeFiles/cmTC_546ca.dir/build.make CMakeFiles/cmTC_546ca.dir/build
make[1]: Entering directory '/home/chris/bebop-software-framework/bebop_ws/build/mav_system_msgs/CMakeFiles/CMakeTmp'
Building C object CMakeFiles/cmTC_546ca.dir/CheckSymbolExists.c.o
/usr/bin/cc    -o CMakeFiles/cmTC_546ca.dir/CheckSymbolExists.c.o   -c /home/chris/bebop-software-framework/bebop_ws/build/mav_system_msgs/CMakeFiles/CMakeTmp/CheckSymbolExists.c
Linking C executable cmTC_546ca
/usr/local/bin/cmake -E cmake_link_script CMakeFiles/cmTC_546ca.dir/link.txt --verbose=1
/usr/bin/cc      -rdynamic CMakeFiles/cmTC_546ca.dir/CheckSymbolExists.c.o  -o cmTC_546ca 
CMakeFiles/cmTC_546ca.dir/CheckSymbolExists.c.o: In function `main':
CheckSymbolExists.c:(.text+0x1b): undefined reference to `pthread_create'
collect2: error: ld returned 1 exit status
CMakeFiles/cmTC_546ca.dir/build.make:86: recipe for target 'cmTC_546ca' failed
make[1]: *** [cmTC_546ca] Error 1
make[1]: Leaving directory '/home/chris/bebop-software-framework/bebop_ws/build/mav_system_msgs/CMakeFiles/CMakeTmp'
Makefile:126: recipe for target 'cmTC_546ca/fast' failed
make: *** [cmTC_546ca/fast] Error 2

File /home/chris/bebop-software-framework/bebop_ws/build/mav_system_msgs/CMakeFiles/CMakeTmp/CheckSymbolExists.c:
/* */
#include <pthread.h>

int main(int argc, char** argv)
{
  (void)argv;
#ifndef pthread_create
  return ((int*)(&pthread_create))[argc];
#else
  (void)argc;
  return 0;
#endif
}

Determining if the function pthread_create exists in the pthreads failed with the following output:
Change Dir: /home/chris/bebop-software-framework/bebop_ws/build/mav_system_msgs/CMakeFiles/CMakeTmp

Run Build Command:"/usr/bin/make" "cmTC_00407/fast"
/usr/bin/make -f CMakeFiles/cmTC_00407.dir/build.make CMakeFiles/cmTC_00407.dir/build
make[1]: Entering directory '/home/chris/bebop-software-framework/bebop_ws/build/mav_system_msgs/CMakeFiles/CMakeTmp'
Building C object CMakeFiles/cmTC_00407.dir/CheckFunctionExists.c.o
/usr/bin/cc   -DCHECK_FUNCTION_EXISTS=pthread_create   -o CMakeFiles/cmTC_00407.dir/CheckFunctionExists.c.o   -c /usr/local/share/cmake-3.11/Modules/CheckFunctionExists.c
Linking C executable cmTC_00407
/usr/local/bin/cmake -E cmake_link_script CMakeFiles/cmTC_00407.dir/link.txt --verbose=1
/usr/bin/cc  -DCHECK_FUNCTION_EXISTS=pthread_create    -rdynamic CMakeFiles/cmTC_00407.dir/CheckFunctionExists.c.o  -o cmTC_00407 -lpthreads 
/usr/bin/ld: cannot find -lpthreads
collect2: error: ld returned 1 exit status
CMakeFiles/cmTC_00407.dir/build.make:86: recipe for target 'cmTC_00407' failed
make[1]: *** [cmTC_00407] Error 1
make[1]: Leaving directory '/home/chris/bebop-software-framework/bebop_ws/build/mav_system_msgs/CMakeFiles/CMakeTmp'
Makefile:126: recipe for target 'cmTC_00407/fast' failed
make: *** [cmTC_00407/fast] Error 2


