[  0%] Built target geometry_msgs_generate_messages_cpp
[  0%] Built target sensor_msgs_generate_messages_cpp
[  0%] Built target std_msgs_generate_messages_cpp
[  0%] Built target _wiimote_generate_messages_check_deps_IrSourceInfo
[  0%] Built target sensor_msgs_generate_messages_nodejs
[  0%] Built target _wiimote_generate_messages_check_deps_State
[  0%] Built target std_msgs_generate_messages_nodejs
[  0%] Built target _wiimote_generate_messages_check_deps_TimedSwitch
[  0%] Built target geometry_msgs_generate_messages_nodejs
[  0%] Built target std_msgs_generate_messages_py
[  0%] Built target geometry_msgs_generate_messages_py
[  0%] Built target sensor_msgs_generate_messages_py
[  0%] Built target std_msgs_generate_messages_lisp
[  0%] Built target geometry_msgs_generate_messages_lisp
[  0%] Built target geometry_msgs_generate_messages_eus
[  0%] Built target sensor_msgs_generate_messages_eus
[  0%] Built target sensor_msgs_generate_messages_lisp
[  0%] Built target std_msgs_generate_messages_eus
[ 13%] Built target wiimote_generate_messages_cpp
[ 40%] Built target wiimote_generate_messages_lisp
[ 40%] Built target wiimote_generate_messages_nodejs
[ 59%] Built target wiimote_generate_messages_py
[ 77%] Built target wiimote_generate_messages_eus
[ 86%] Built target teleop_wiimote
[100%] Built target wiimote_node
[100%] Built target wiimote_generate_messages
