Determining if the pthread_create exist failed with the following output:
Change Dir: /home/chris/bebop-software-framework/bebop_ws/build/vrpn_client_ros/CMakeFiles/CMakeTmp

Run Build Command:"/usr/bin/make" "cmTC_0fce7/fast"
/usr/bin/make -f CMakeFiles/cmTC_0fce7.dir/build.make CMakeFiles/cmTC_0fce7.dir/build
make[1]: Entering directory '/home/chris/bebop-software-framework/bebop_ws/build/vrpn_client_ros/CMakeFiles/CMakeTmp'
Building C object CMakeFiles/cmTC_0fce7.dir/CheckSymbolExists.c.o
/usr/bin/cc    -o CMakeFiles/cmTC_0fce7.dir/CheckSymbolExists.c.o   -c /home/chris/bebop-software-framework/bebop_ws/build/vrpn_client_ros/CMakeFiles/CMakeTmp/CheckSymbolExists.c
Linking C executable cmTC_0fce7
/usr/local/bin/cmake -E cmake_link_script CMakeFiles/cmTC_0fce7.dir/link.txt --verbose=1
/usr/bin/cc      -rdynamic CMakeFiles/cmTC_0fce7.dir/CheckSymbolExists.c.o  -o cmTC_0fce7 
CMakeFiles/cmTC_0fce7.dir/CheckSymbolExists.c.o: In function `main':
CheckSymbolExists.c:(.text+0x1b): undefined reference to `pthread_create'
collect2: error: ld returned 1 exit status
CMakeFiles/cmTC_0fce7.dir/build.make:86: recipe for target 'cmTC_0fce7' failed
make[1]: *** [cmTC_0fce7] Error 1
make[1]: Leaving directory '/home/chris/bebop-software-framework/bebop_ws/build/vrpn_client_ros/CMakeFiles/CMakeTmp'
Makefile:126: recipe for target 'cmTC_0fce7/fast' failed
make: *** [cmTC_0fce7/fast] Error 2

File /home/chris/bebop-software-framework/bebop_ws/build/vrpn_client_ros/CMakeFiles/CMakeTmp/CheckSymbolExists.c:
/* */
#include <pthread.h>

int main(int argc, char** argv)
{
  (void)argv;
#ifndef pthread_create
  return ((int*)(&pthread_create))[argc];
#else
  (void)argc;
  return 0;
#endif
}

Determining if the function pthread_create exists in the pthreads failed with the following output:
Change Dir: /home/chris/bebop-software-framework/bebop_ws/build/vrpn_client_ros/CMakeFiles/CMakeTmp

Run Build Command:"/usr/bin/make" "cmTC_7d25d/fast"
/usr/bin/make -f CMakeFiles/cmTC_7d25d.dir/build.make CMakeFiles/cmTC_7d25d.dir/build
make[1]: Entering directory '/home/chris/bebop-software-framework/bebop_ws/build/vrpn_client_ros/CMakeFiles/CMakeTmp'
Building C object CMakeFiles/cmTC_7d25d.dir/CheckFunctionExists.c.o
/usr/bin/cc   -DCHECK_FUNCTION_EXISTS=pthread_create   -o CMakeFiles/cmTC_7d25d.dir/CheckFunctionExists.c.o   -c /usr/local/share/cmake-3.11/Modules/CheckFunctionExists.c
Linking C executable cmTC_7d25d
/usr/local/bin/cmake -E cmake_link_script CMakeFiles/cmTC_7d25d.dir/link.txt --verbose=1
/usr/bin/cc  -DCHECK_FUNCTION_EXISTS=pthread_create    -rdynamic CMakeFiles/cmTC_7d25d.dir/CheckFunctionExists.c.o  -o cmTC_7d25d -lpthreads 
/usr/bin/ld: cannot find -lpthreads
collect2: error: ld returned 1 exit status
CMakeFiles/cmTC_7d25d.dir/build.make:86: recipe for target 'cmTC_7d25d' failed
make[1]: *** [cmTC_7d25d] Error 1
make[1]: Leaving directory '/home/chris/bebop-software-framework/bebop_ws/build/vrpn_client_ros/CMakeFiles/CMakeTmp'
Makefile:126: recipe for target 'cmTC_7d25d/fast' failed
make: *** [cmTC_7d25d/fast] Error 2


