Determining if the pthread_create exist failed with the following output:
Change Dir: /home/chris/bebop_ws/build/rotors_comm/CMakeFiles/CMakeTmp

Run Build Command:"/usr/bin/make" "cmTC_7b0ed/fast"
/usr/bin/make -f CMakeFiles/cmTC_7b0ed.dir/build.make CMakeFiles/cmTC_7b0ed.dir/build
make[1]: Entering directory '/home/chris/bebop_ws/build/rotors_comm/CMakeFiles/CMakeTmp'
Building C object CMakeFiles/cmTC_7b0ed.dir/CheckSymbolExists.c.o
/usr/bin/cc    -o CMakeFiles/cmTC_7b0ed.dir/CheckSymbolExists.c.o   -c /home/chris/bebop_ws/build/rotors_comm/CMakeFiles/CMakeTmp/CheckSymbolExists.c
Linking C executable cmTC_7b0ed
/usr/local/bin/cmake -E cmake_link_script CMakeFiles/cmTC_7b0ed.dir/link.txt --verbose=1
/usr/bin/cc      -rdynamic CMakeFiles/cmTC_7b0ed.dir/CheckSymbolExists.c.o  -o cmTC_7b0ed 
CMakeFiles/cmTC_7b0ed.dir/CheckSymbolExists.c.o: In function `main':
CheckSymbolExists.c:(.text+0x1b): undefined reference to `pthread_create'
collect2: error: ld returned 1 exit status
CMakeFiles/cmTC_7b0ed.dir/build.make:86: recipe for target 'cmTC_7b0ed' failed
make[1]: *** [cmTC_7b0ed] Error 1
make[1]: Leaving directory '/home/chris/bebop_ws/build/rotors_comm/CMakeFiles/CMakeTmp'
Makefile:126: recipe for target 'cmTC_7b0ed/fast' failed
make: *** [cmTC_7b0ed/fast] Error 2

File /home/chris/bebop_ws/build/rotors_comm/CMakeFiles/CMakeTmp/CheckSymbolExists.c:
/* */
#include <pthread.h>

int main(int argc, char** argv)
{
  (void)argv;
#ifndef pthread_create
  return ((int*)(&pthread_create))[argc];
#else
  (void)argc;
  return 0;
#endif
}

Determining if the function pthread_create exists in the pthreads failed with the following output:
Change Dir: /home/chris/bebop_ws/build/rotors_comm/CMakeFiles/CMakeTmp

Run Build Command:"/usr/bin/make" "cmTC_6a30f/fast"
/usr/bin/make -f CMakeFiles/cmTC_6a30f.dir/build.make CMakeFiles/cmTC_6a30f.dir/build
make[1]: Entering directory '/home/chris/bebop_ws/build/rotors_comm/CMakeFiles/CMakeTmp'
Building C object CMakeFiles/cmTC_6a30f.dir/CheckFunctionExists.c.o
/usr/bin/cc   -DCHECK_FUNCTION_EXISTS=pthread_create   -o CMakeFiles/cmTC_6a30f.dir/CheckFunctionExists.c.o   -c /usr/local/share/cmake-3.11/Modules/CheckFunctionExists.c
Linking C executable cmTC_6a30f
/usr/local/bin/cmake -E cmake_link_script CMakeFiles/cmTC_6a30f.dir/link.txt --verbose=1
/usr/bin/cc  -DCHECK_FUNCTION_EXISTS=pthread_create    -rdynamic CMakeFiles/cmTC_6a30f.dir/CheckFunctionExists.c.o  -o cmTC_6a30f -lpthreads 
/usr/bin/ld: cannot find -lpthreads
collect2: error: ld returned 1 exit status
CMakeFiles/cmTC_6a30f.dir/build.make:86: recipe for target 'cmTC_6a30f' failed
make[1]: *** [cmTC_6a30f] Error 1
make[1]: Leaving directory '/home/chris/bebop_ws/build/rotors_comm/CMakeFiles/CMakeTmp'
Makefile:126: recipe for target 'cmTC_6a30f/fast' failed
make: *** [cmTC_6a30f/fast] Error 2


