Determining if the pthread_create exist failed with the following output:
Change Dir: /home/chris/bebop-software-framework/bebop_ws/build/rotors_description/CMakeFiles/CMakeTmp

Run Build Command:"/usr/bin/make" "cmTC_33e05/fast"
/usr/bin/make -f CMakeFiles/cmTC_33e05.dir/build.make CMakeFiles/cmTC_33e05.dir/build
make[1]: Entering directory '/home/chris/bebop-software-framework/bebop_ws/build/rotors_description/CMakeFiles/CMakeTmp'
Building C object CMakeFiles/cmTC_33e05.dir/CheckSymbolExists.c.o
/usr/bin/cc    -o CMakeFiles/cmTC_33e05.dir/CheckSymbolExists.c.o   -c /home/chris/bebop-software-framework/bebop_ws/build/rotors_description/CMakeFiles/CMakeTmp/CheckSymbolExists.c
Linking C executable cmTC_33e05
/usr/local/bin/cmake -E cmake_link_script CMakeFiles/cmTC_33e05.dir/link.txt --verbose=1
/usr/bin/cc      -rdynamic CMakeFiles/cmTC_33e05.dir/CheckSymbolExists.c.o  -o cmTC_33e05 
CMakeFiles/cmTC_33e05.dir/CheckSymbolExists.c.o: In function `main':
CheckSymbolExists.c:(.text+0x1b): undefined reference to `pthread_create'
collect2: error: ld returned 1 exit status
CMakeFiles/cmTC_33e05.dir/build.make:86: recipe for target 'cmTC_33e05' failed
make[1]: *** [cmTC_33e05] Error 1
make[1]: Leaving directory '/home/chris/bebop-software-framework/bebop_ws/build/rotors_description/CMakeFiles/CMakeTmp'
Makefile:126: recipe for target 'cmTC_33e05/fast' failed
make: *** [cmTC_33e05/fast] Error 2

File /home/chris/bebop-software-framework/bebop_ws/build/rotors_description/CMakeFiles/CMakeTmp/CheckSymbolExists.c:
/* */
#include <pthread.h>

int main(int argc, char** argv)
{
  (void)argv;
#ifndef pthread_create
  return ((int*)(&pthread_create))[argc];
#else
  (void)argc;
  return 0;
#endif
}

Determining if the function pthread_create exists in the pthreads failed with the following output:
Change Dir: /home/chris/bebop-software-framework/bebop_ws/build/rotors_description/CMakeFiles/CMakeTmp

Run Build Command:"/usr/bin/make" "cmTC_e3fcb/fast"
/usr/bin/make -f CMakeFiles/cmTC_e3fcb.dir/build.make CMakeFiles/cmTC_e3fcb.dir/build
make[1]: Entering directory '/home/chris/bebop-software-framework/bebop_ws/build/rotors_description/CMakeFiles/CMakeTmp'
Building C object CMakeFiles/cmTC_e3fcb.dir/CheckFunctionExists.c.o
/usr/bin/cc   -DCHECK_FUNCTION_EXISTS=pthread_create   -o CMakeFiles/cmTC_e3fcb.dir/CheckFunctionExists.c.o   -c /usr/local/share/cmake-3.11/Modules/CheckFunctionExists.c
Linking C executable cmTC_e3fcb
/usr/local/bin/cmake -E cmake_link_script CMakeFiles/cmTC_e3fcb.dir/link.txt --verbose=1
/usr/bin/cc  -DCHECK_FUNCTION_EXISTS=pthread_create    -rdynamic CMakeFiles/cmTC_e3fcb.dir/CheckFunctionExists.c.o  -o cmTC_e3fcb -lpthreads 
/usr/bin/ld: cannot find -lpthreads
collect2: error: ld returned 1 exit status
CMakeFiles/cmTC_e3fcb.dir/build.make:86: recipe for target 'cmTC_e3fcb' failed
make[1]: *** [cmTC_e3fcb] Error 1
make[1]: Leaving directory '/home/chris/bebop-software-framework/bebop_ws/build/rotors_description/CMakeFiles/CMakeTmp'
Makefile:126: recipe for target 'cmTC_e3fcb/fast' failed
make: *** [cmTC_e3fcb/fast] Error 2


