Determining if the pthread_create exist failed with the following output:
Change Dir: /home/chris/bebop-software-framework/bebop_ws/build/rotors_joy_interface/CMakeFiles/CMakeTmp

Run Build Command:"/usr/bin/make" "cmTC_a91a9/fast"
/usr/bin/make -f CMakeFiles/cmTC_a91a9.dir/build.make CMakeFiles/cmTC_a91a9.dir/build
make[1]: Entering directory '/home/chris/bebop-software-framework/bebop_ws/build/rotors_joy_interface/CMakeFiles/CMakeTmp'
Building C object CMakeFiles/cmTC_a91a9.dir/CheckSymbolExists.c.o
/usr/bin/cc    -o CMakeFiles/cmTC_a91a9.dir/CheckSymbolExists.c.o   -c /home/chris/bebop-software-framework/bebop_ws/build/rotors_joy_interface/CMakeFiles/CMakeTmp/CheckSymbolExists.c
Linking C executable cmTC_a91a9
/usr/local/bin/cmake -E cmake_link_script CMakeFiles/cmTC_a91a9.dir/link.txt --verbose=1
/usr/bin/cc      -rdynamic CMakeFiles/cmTC_a91a9.dir/CheckSymbolExists.c.o  -o cmTC_a91a9 
CMakeFiles/cmTC_a91a9.dir/CheckSymbolExists.c.o: In function `main':
CheckSymbolExists.c:(.text+0x1b): undefined reference to `pthread_create'
collect2: error: ld returned 1 exit status
CMakeFiles/cmTC_a91a9.dir/build.make:86: recipe for target 'cmTC_a91a9' failed
make[1]: *** [cmTC_a91a9] Error 1
make[1]: Leaving directory '/home/chris/bebop-software-framework/bebop_ws/build/rotors_joy_interface/CMakeFiles/CMakeTmp'
Makefile:126: recipe for target 'cmTC_a91a9/fast' failed
make: *** [cmTC_a91a9/fast] Error 2

File /home/chris/bebop-software-framework/bebop_ws/build/rotors_joy_interface/CMakeFiles/CMakeTmp/CheckSymbolExists.c:
/* */
#include <pthread.h>

int main(int argc, char** argv)
{
  (void)argv;
#ifndef pthread_create
  return ((int*)(&pthread_create))[argc];
#else
  (void)argc;
  return 0;
#endif
}

Determining if the function pthread_create exists in the pthreads failed with the following output:
Change Dir: /home/chris/bebop-software-framework/bebop_ws/build/rotors_joy_interface/CMakeFiles/CMakeTmp

Run Build Command:"/usr/bin/make" "cmTC_e1297/fast"
/usr/bin/make -f CMakeFiles/cmTC_e1297.dir/build.make CMakeFiles/cmTC_e1297.dir/build
make[1]: Entering directory '/home/chris/bebop-software-framework/bebop_ws/build/rotors_joy_interface/CMakeFiles/CMakeTmp'
Building C object CMakeFiles/cmTC_e1297.dir/CheckFunctionExists.c.o
/usr/bin/cc   -DCHECK_FUNCTION_EXISTS=pthread_create   -o CMakeFiles/cmTC_e1297.dir/CheckFunctionExists.c.o   -c /usr/local/share/cmake-3.11/Modules/CheckFunctionExists.c
Linking C executable cmTC_e1297
/usr/local/bin/cmake -E cmake_link_script CMakeFiles/cmTC_e1297.dir/link.txt --verbose=1
/usr/bin/cc  -DCHECK_FUNCTION_EXISTS=pthread_create    -rdynamic CMakeFiles/cmTC_e1297.dir/CheckFunctionExists.c.o  -o cmTC_e1297 -lpthreads 
/usr/bin/ld: cannot find -lpthreads
collect2: error: ld returned 1 exit status
CMakeFiles/cmTC_e1297.dir/build.make:86: recipe for target 'cmTC_e1297' failed
make[1]: *** [cmTC_e1297] Error 1
make[1]: Leaving directory '/home/chris/bebop-software-framework/bebop_ws/build/rotors_joy_interface/CMakeFiles/CMakeTmp'
Makefile:126: recipe for target 'cmTC_e1297/fast' failed
make: *** [cmTC_e1297/fast] Error 2


