Determining if the pthread_create exist failed with the following output:
Change Dir: /home/chris/bebop-software-framework/bebop_ws/build/rotors_gazebo/CMakeFiles/CMakeTmp

Run Build Command:"/usr/bin/make" "cmTC_418fa/fast"
/usr/bin/make -f CMakeFiles/cmTC_418fa.dir/build.make CMakeFiles/cmTC_418fa.dir/build
make[1]: Entering directory '/home/chris/bebop-software-framework/bebop_ws/build/rotors_gazebo/CMakeFiles/CMakeTmp'
Building C object CMakeFiles/cmTC_418fa.dir/CheckSymbolExists.c.o
/usr/bin/cc    -o CMakeFiles/cmTC_418fa.dir/CheckSymbolExists.c.o   -c /home/chris/bebop-software-framework/bebop_ws/build/rotors_gazebo/CMakeFiles/CMakeTmp/CheckSymbolExists.c
Linking C executable cmTC_418fa
/usr/local/bin/cmake -E cmake_link_script CMakeFiles/cmTC_418fa.dir/link.txt --verbose=1
/usr/bin/cc      -rdynamic CMakeFiles/cmTC_418fa.dir/CheckSymbolExists.c.o  -o cmTC_418fa 
CMakeFiles/cmTC_418fa.dir/CheckSymbolExists.c.o: In function `main':
CheckSymbolExists.c:(.text+0x1b): undefined reference to `pthread_create'
collect2: error: ld returned 1 exit status
CMakeFiles/cmTC_418fa.dir/build.make:86: recipe for target 'cmTC_418fa' failed
make[1]: *** [cmTC_418fa] Error 1
make[1]: Leaving directory '/home/chris/bebop-software-framework/bebop_ws/build/rotors_gazebo/CMakeFiles/CMakeTmp'
Makefile:126: recipe for target 'cmTC_418fa/fast' failed
make: *** [cmTC_418fa/fast] Error 2

File /home/chris/bebop-software-framework/bebop_ws/build/rotors_gazebo/CMakeFiles/CMakeTmp/CheckSymbolExists.c:
/* */
#include <pthread.h>

int main(int argc, char** argv)
{
  (void)argv;
#ifndef pthread_create
  return ((int*)(&pthread_create))[argc];
#else
  (void)argc;
  return 0;
#endif
}

Determining if the function pthread_create exists in the pthreads failed with the following output:
Change Dir: /home/chris/bebop-software-framework/bebop_ws/build/rotors_gazebo/CMakeFiles/CMakeTmp

Run Build Command:"/usr/bin/make" "cmTC_5b73c/fast"
/usr/bin/make -f CMakeFiles/cmTC_5b73c.dir/build.make CMakeFiles/cmTC_5b73c.dir/build
make[1]: Entering directory '/home/chris/bebop-software-framework/bebop_ws/build/rotors_gazebo/CMakeFiles/CMakeTmp'
Building C object CMakeFiles/cmTC_5b73c.dir/CheckFunctionExists.c.o
/usr/bin/cc   -DCHECK_FUNCTION_EXISTS=pthread_create   -o CMakeFiles/cmTC_5b73c.dir/CheckFunctionExists.c.o   -c /usr/local/share/cmake-3.11/Modules/CheckFunctionExists.c
Linking C executable cmTC_5b73c
/usr/local/bin/cmake -E cmake_link_script CMakeFiles/cmTC_5b73c.dir/link.txt --verbose=1
/usr/bin/cc  -DCHECK_FUNCTION_EXISTS=pthread_create    -rdynamic CMakeFiles/cmTC_5b73c.dir/CheckFunctionExists.c.o  -o cmTC_5b73c -lpthreads 
/usr/bin/ld: cannot find -lpthreads
collect2: error: ld returned 1 exit status
CMakeFiles/cmTC_5b73c.dir/build.make:86: recipe for target 'cmTC_5b73c' failed
make[1]: *** [cmTC_5b73c] Error 1
make[1]: Leaving directory '/home/chris/bebop-software-framework/bebop_ws/build/rotors_gazebo/CMakeFiles/CMakeTmp'
Makefile:126: recipe for target 'cmTC_5b73c/fast' failed
make: *** [cmTC_5b73c/fast] Error 2


