Determining if the pthread_create exist failed with the following output:
Change Dir: /home/chris/bebop_ws/build/mav_planning_msgs/CMakeFiles/CMakeTmp

Run Build Command:"/usr/bin/make" "cmTC_1b5ed/fast"
/usr/bin/make -f CMakeFiles/cmTC_1b5ed.dir/build.make CMakeFiles/cmTC_1b5ed.dir/build
make[1]: Entering directory '/home/chris/bebop_ws/build/mav_planning_msgs/CMakeFiles/CMakeTmp'
Building C object CMakeFiles/cmTC_1b5ed.dir/CheckSymbolExists.c.o
/usr/bin/cc    -o CMakeFiles/cmTC_1b5ed.dir/CheckSymbolExists.c.o   -c /home/chris/bebop_ws/build/mav_planning_msgs/CMakeFiles/CMakeTmp/CheckSymbolExists.c
Linking C executable cmTC_1b5ed
/usr/local/bin/cmake -E cmake_link_script CMakeFiles/cmTC_1b5ed.dir/link.txt --verbose=1
/usr/bin/cc      -rdynamic CMakeFiles/cmTC_1b5ed.dir/CheckSymbolExists.c.o  -o cmTC_1b5ed 
CMakeFiles/cmTC_1b5ed.dir/CheckSymbolExists.c.o: In function `main':
CheckSymbolExists.c:(.text+0x1b): undefined reference to `pthread_create'
collect2: error: ld returned 1 exit status
CMakeFiles/cmTC_1b5ed.dir/build.make:86: recipe for target 'cmTC_1b5ed' failed
make[1]: *** [cmTC_1b5ed] Error 1
make[1]: Leaving directory '/home/chris/bebop_ws/build/mav_planning_msgs/CMakeFiles/CMakeTmp'
Makefile:126: recipe for target 'cmTC_1b5ed/fast' failed
make: *** [cmTC_1b5ed/fast] Error 2

File /home/chris/bebop_ws/build/mav_planning_msgs/CMakeFiles/CMakeTmp/CheckSymbolExists.c:
/* */
#include <pthread.h>

int main(int argc, char** argv)
{
  (void)argv;
#ifndef pthread_create
  return ((int*)(&pthread_create))[argc];
#else
  (void)argc;
  return 0;
#endif
}

Determining if the function pthread_create exists in the pthreads failed with the following output:
Change Dir: /home/chris/bebop_ws/build/mav_planning_msgs/CMakeFiles/CMakeTmp

Run Build Command:"/usr/bin/make" "cmTC_d6945/fast"
/usr/bin/make -f CMakeFiles/cmTC_d6945.dir/build.make CMakeFiles/cmTC_d6945.dir/build
make[1]: Entering directory '/home/chris/bebop_ws/build/mav_planning_msgs/CMakeFiles/CMakeTmp'
Building C object CMakeFiles/cmTC_d6945.dir/CheckFunctionExists.c.o
/usr/bin/cc   -DCHECK_FUNCTION_EXISTS=pthread_create   -o CMakeFiles/cmTC_d6945.dir/CheckFunctionExists.c.o   -c /usr/local/share/cmake-3.11/Modules/CheckFunctionExists.c
Linking C executable cmTC_d6945
/usr/local/bin/cmake -E cmake_link_script CMakeFiles/cmTC_d6945.dir/link.txt --verbose=1
/usr/bin/cc  -DCHECK_FUNCTION_EXISTS=pthread_create    -rdynamic CMakeFiles/cmTC_d6945.dir/CheckFunctionExists.c.o  -o cmTC_d6945 -lpthreads 
/usr/bin/ld: cannot find -lpthreads
collect2: error: ld returned 1 exit status
CMakeFiles/cmTC_d6945.dir/build.make:86: recipe for target 'cmTC_d6945' failed
make[1]: *** [cmTC_d6945] Error 1
make[1]: Leaving directory '/home/chris/bebop_ws/build/mav_planning_msgs/CMakeFiles/CMakeTmp'
Makefile:126: recipe for target 'cmTC_d6945/fast' failed
make: *** [cmTC_d6945/fast] Error 2


