[  0%] Built target topic_tools_generate_messages_lisp
[  0%] Built target gazebo_msgs_generate_messages_eus
[  0%] Built target octomap_msgs_generate_messages_py
[  0%] Built target rosgraph_msgs_generate_messages_nodejs
[  0%] Built target rotors_comm_generate_messages_lisp
[  0%] Built target octomap_msgs_generate_messages_lisp
[35m[1mScanning dependencies of target mav_msgs[0m
[  0%] Built target roscpp_generate_messages_py
[  0%] Built target roscpp_generate_messages_eus
[  0%] Built target std_srvs_generate_messages_py
[  0%] Built target bond_generate_messages_eus
[  0%] Built target tf_generate_messages_nodejs
[  0%] Built target rotors_comm_generate_messages_cpp
[  0%] Built target sensor_msgs_generate_messages_cpp
[  0%] Built target actionlib_msgs_generate_messages_cpp
[  0%] Built target sensor_msgs_generate_messages_eus
[  0%] Built target actionlib_generate_messages_nodejs
[  0%] Built target std_srvs_generate_messages_eus
[  0%] Built target tf_generate_messages_cpp
[  0%] Built target gazebo_msgs_generate_messages_nodejs
[  0%] Built target gazebo_msgs_generate_messages_cpp
[  0%] Built target actionlib_generate_messages_cpp
[  0%] Built target std_msgs_generate_messages_nodejs
[  0%] Built target rosgraph_msgs_generate_messages_py
[  0%] Built target tf_generate_messages_lisp
[  0%] Built target sensor_msgs_generate_messages_py
[  0%] Built target rosgraph_msgs_generate_messages_lisp
[  0%] Built target roscpp_generate_messages_nodejs
[  0%] Built target std_srvs_generate_messages_cpp
[  0%] Built target gazebo_msgs_generate_messages_lisp
[  0%] Built target gazebo_plugins_gencfg
[  0%] Built target topic_tools_generate_messages_nodejs
[  0%] Built target sensor_msgs_generate_messages_lisp
[  0%] Built target geometry_msgs_generate_messages_lisp
[  0%] Built target geometry_msgs_generate_messages_py
[  0%] Built target std_srvs_generate_messages_lisp
[  0%] Built target rosgraph_msgs_generate_messages_cpp
[  0%] Built target mav_msgs_generate_messages_nodejs
[  0%] Built target std_msgs_generate_messages_cpp
[  0%] Built target std_msgs_generate_messages_lisp
[  0%] Built target bond_generate_messages_py
[  0%] Built target sensor_msgs_generate_messages_nodejs
[  0%] Built target gazebo_msgs_generate_messages_py
[  0%] Built target trajectory_msgs_generate_messages_cpp
[  0%] Built target octomap_msgs_generate_messages_nodejs
[  0%] Built target geometry_msgs_generate_messages_cpp
[  0%] Built target rotors_comm_generate_messages_py
[  0%] Built target roscpp_generate_messages_lisp
[  0%] Built target trajectory_msgs_generate_messages_eus
[  0%] Built target nodelet_generate_messages_cpp
[  0%] Built target rosgraph_msgs_generate_messages_eus
[  0%] Built target std_msgs_generate_messages_py
[  0%] Built target nav_msgs_generate_messages_py
[  1%] [32mBuilding CXX object CMakeFiles/mav_msgs.dir/Imu.pb.cc.o[0m
[  1%] Built target roscpp_generate_messages_cpp
[  2%] [32mBuilding CXX object CMakeFiles/mav_msgs.dir/MagneticField.pb.cc.o[0m
[  3%] [32mBuilding CXX object CMakeFiles/mav_msgs.dir/PoseStamped.pb.cc.o[0m
[  4%] [32mBuilding CXX object CMakeFiles/mav_msgs.dir/Odometry.pb.cc.o[0m
[  4%] Built target nodelet_generate_messages_py
[  4%] Built target geometry_msgs_generate_messages_nodejs
[  4%] Built target geometry_msgs_generate_messages_eus
[  5%] [32mBuilding CXX object CMakeFiles/mav_msgs.dir/PoseWithCovariance.pb.cc.o[0m
[  6%] [32mBuilding CXX object CMakeFiles/mav_msgs.dir/PoseWithCovarianceStamped.pb.cc.o[0m
[  6%] Built target trajectory_msgs_generate_messages_lisp
[  7%] [32mBuilding CXX object CMakeFiles/mav_msgs.dir/RollPitchYawrateThrust.pb.cc.o[0m
[  8%] [32mBuilding CXX object CMakeFiles/mav_msgs.dir/Transform.pb.cc.o[0m
[ 10%] [32mBuilding CXX object CMakeFiles/mav_msgs.dir/TransformStamped.pb.cc.o[0m
[ 10%] [32mBuilding CXX object CMakeFiles/mav_msgs.dir/TransformStampedWithFrameIds.pb.cc.o[0m
[ 10%] Built target trajectory_msgs_generate_messages_nodejs
[ 10%] Built target trajectory_msgs_generate_messages_py
[ 11%] [32mBuilding CXX object CMakeFiles/mav_msgs.dir/Twist.pb.cc.o[0m
[ 11%] Built target topic_tools_generate_messages_cpp
[ 12%] [32mBuilding CXX object CMakeFiles/mav_msgs.dir/TwistStamped.pb.cc.o[0m
[ 13%] [32mBuilding CXX object CMakeFiles/mav_msgs.dir/TwistWithCovariance.pb.cc.o[0m
[ 14%] [32mBuilding CXX object CMakeFiles/mav_msgs.dir/Vector3dStamped.pb.cc.o[0m
[ 15%] [32mBuilding CXX object CMakeFiles/mav_msgs.dir/WindSpeed.pb.cc.o[0m
[ 16%] [32mBuilding CXX object CMakeFiles/mav_msgs.dir/Wrench.pb.cc.o[0m
[ 17%] [32mBuilding CXX object CMakeFiles/mav_msgs.dir/WrenchStamped.pb.cc.o[0m
[ 17%] Built target nodelet_generate_messages_eus
[ 17%] Built target tf2_msgs_generate_messages_nodejs
[ 17%] Built target nodelet_generate_messages_lisp
[ 17%] Built target nodelet_generate_messages_nodejs
[ 17%] Built target bond_generate_messages_cpp
[ 17%] Built target topic_tools_generate_messages_eus
[ 17%] Built target mav_msgs_generate_messages_py
[ 17%] Built target bond_generate_messages_lisp
[ 17%] Built target tf2_msgs_generate_messages_eus
[ 17%] Built target rotors_comm_generate_messages_eus
[ 17%] Built target nav_msgs_generate_messages_eus
[ 17%] Built target nav_msgs_generate_messages_lisp
[ 17%] Built target actionlib_msgs_generate_messages_eus
[ 17%] Built target actionlib_generate_messages_lisp
[ 17%] Built target nav_msgs_generate_messages_nodejs
[ 17%] Built target actionlib_msgs_generate_messages_lisp
[ 17%] Built target mav_msgs_generate_messages_lisp
[ 17%] Built target actionlib_msgs_generate_messages_nodejs
[ 17%] Built target _catkin_empty_exported_target
[ 17%] Built target tf2_msgs_generate_messages_py
[ 17%] Built target actionlib_msgs_generate_messages_py
[ 17%] Built target rotors_comm_generate_messages_nodejs
[ 17%] Built target dynamic_reconfigure_generate_messages_nodejs
[ 17%] Built target tf_generate_messages_eus
[ 17%] Built target actionlib_generate_messages_eus
[ 17%] Built target tf_generate_messages_py
[ 17%] Built target tf2_msgs_generate_messages_cpp
[ 17%] Built target std_msgs_generate_messages_eus
[ 17%] Built target tf2_msgs_generate_messages_lisp
[ 17%] Built target nav_msgs_generate_messages_cpp
[ 17%] Built target bond_generate_messages_nodejs
[ 17%] Built target dynamic_reconfigure_generate_messages_eus
[ 17%] Built target dynamic_reconfigure_generate_messages_lisp
[ 17%] Built target actionlib_generate_messages_py
[ 17%] Built target dynamic_reconfigure_generate_messages_cpp
[ 17%] Built target dynamic_reconfigure_generate_messages_py
[ 17%] Built target dynamic_reconfigure_gencfg
[ 17%] Built target mav_msgs_generate_messages_eus
[ 17%] Built target std_srvs_generate_messages_nodejs
[ 17%] Built target mav_msgs_generate_messages_cpp
[ 17%] Built target octomap_msgs_generate_messages_eus
[ 17%] Built target octomap_msgs_generate_messages_cpp
[ 17%] Built target topic_tools_generate_messages_py
[ 17%] Built target mavros_msgs_generate_messages_py
[ 17%] Built target uuid_msgs_generate_messages_py
[ 17%] Built target mavros_msgs_generate_messages_nodejs
[ 17%] Built target mavros_msgs_generate_messages_lisp
[ 17%] Built target uuid_msgs_generate_messages_eus
[ 17%] Built target uuid_msgs_generate_messages_lisp
[ 17%] Built target mavros_msgs_generate_messages_eus
[ 17%] Built target diagnostic_msgs_generate_messages_nodejs
[ 17%] Built target diagnostic_msgs_generate_messages_py
[ 17%] Built target diagnostic_msgs_generate_messages_cpp
[ 17%] Built target uuid_msgs_generate_messages_nodejs
[ 17%] Built target geographic_msgs_generate_messages_eus
[ 17%] Built target diagnostic_msgs_generate_messages_lisp
[ 17%] Built target mavros_msgs_generate_messages_cpp
[ 17%] Built target uuid_msgs_generate_messages_cpp
[ 17%] Built target geographic_msgs_generate_messages_cpp
[ 17%] Built target diagnostic_msgs_generate_messages_eus
[ 17%] Built target geographic_msgs_generate_messages_nodejs
[ 17%] Built target geographic_msgs_generate_messages_lisp
[ 17%] Built target geographic_msgs_generate_messages_py
[ 18%] [32m[1mLinking CXX shared library libmav_msgs.so[0m
[ 63%] Built target mav_msgs
[35m[1mScanning dependencies of target LiftDragPlugin[0m
[35m[1mScanning dependencies of target rotors_gazebo_multirotor_base_plugin[0m
[35m[1mScanning dependencies of target rotors_gazebo_gps_plugin[0m
[35m[1mScanning dependencies of target rotors_gazebo_mavlink_interface[0m
[35m[1mScanning dependencies of target rotors_gazebo_imu_plugin[0m
[35m[1mScanning dependencies of target rotors_gazebo_ros_interface_plugin[0m
[35m[1mScanning dependencies of target gazebo_geotagged_images_plugin[0m
[35m[1mScanning dependencies of target rotors_gazebo_noisydepth_plugin[0m
[ 64%] [32mBuilding CXX object CMakeFiles/rotors_gazebo_multirotor_base_plugin.dir/src/gazebo_multirotor_base_plugin.cpp.o[0m
[ 64%] [32mBuilding CXX object CMakeFiles/LiftDragPlugin.dir/src/liftdrag_plugin/liftdrag_plugin.cpp.o[0m
[ 65%] [32mBuilding CXX object CMakeFiles/rotors_gazebo_imu_plugin.dir/src/gazebo_imu_plugin.cpp.o[0m
[ 66%] [32mBuilding CXX object CMakeFiles/rotors_gazebo_mavlink_interface.dir/src/gazebo_mavlink_interface.cpp.o[0m
[ 67%] [32mBuilding CXX object CMakeFiles/rotors_gazebo_gps_plugin.dir/src/gazebo_gps_plugin.cpp.o[0m
[ 68%] [32mBuilding CXX object CMakeFiles/rotors_gazebo_ros_interface_plugin.dir/src/gazebo_ros_interface_plugin.cpp.o[0m
[ 70%] [32mBuilding CXX object CMakeFiles/gazebo_geotagged_images_plugin.dir/src/external/gazebo_geotagged_images_plugin.cpp.o[0m
[ 71%] [32mBuilding CXX object CMakeFiles/rotors_gazebo_noisydepth_plugin.dir/src/gazebo_noisydepth_plugin.cpp.o[0m
[ 72%] [32m[1mLinking CXX shared library /home/chris/bebop-software-framework/bebop_ws/devel/.private/rotors_gazebo_plugins/lib/libLiftDragPlugin.so[0m
[ 73%] [32m[1mLinking CXX shared library /home/chris/bebop-software-framework/bebop_ws/devel/.private/rotors_gazebo_plugins/lib/librotors_gazebo_gps_plugin.so[0m
[ 74%] [32m[1mLinking CXX shared library /home/chris/bebop-software-framework/bebop_ws/devel/.private/rotors_gazebo_plugins/lib/librotors_gazebo_multirotor_base_plugin.so[0m
[ 75%] [32m[1mLinking CXX shared library /home/chris/bebop-software-framework/bebop_ws/devel/.private/rotors_gazebo_plugins/lib/librotors_gazebo_imu_plugin.so[0m
[ 75%] Built target rotors_gazebo_multirotor_base_plugin
[ 75%] Built target rotors_gazebo_gps_plugin
[35m[1mScanning dependencies of target rotors_gazebo_magnetometer_plugin[0m
[35m[1mScanning dependencies of target rotors_gazebo_controller_interface[0m
[ 75%] Built target rotors_gazebo_imu_plugin
[ 76%] [32mBuilding CXX object CMakeFiles/rotors_gazebo_controller_interface.dir/src/gazebo_controller_interface.cpp.o[0m
[ 77%] [32mBuilding CXX object CMakeFiles/rotors_gazebo_magnetometer_plugin.dir/src/gazebo_magnetometer_plugin.cpp.o[0m
[35m[1mScanning dependencies of target rotors_gazebo_pressure_plugin[0m
[ 77%] Built target LiftDragPlugin
[35m[1mScanning dependencies of target rotors_gazebo_motor_model[0m
[ 78%] [32mBuilding CXX object CMakeFiles/rotors_gazebo_pressure_plugin.dir/src/gazebo_pressure_plugin.cpp.o[0m
[ 80%] [32mBuilding CXX object CMakeFiles/rotors_gazebo_motor_model.dir/src/gazebo_motor_model.cpp.o[0m
[ 81%] [32m[1mLinking CXX shared library /home/chris/bebop-software-framework/bebop_ws/devel/.private/rotors_gazebo_plugins/lib/librotors_gazebo_mavlink_interface.so[0m
[ 82%] Built target rotors_gazebo_mavlink_interface
[35m[1mScanning dependencies of target rotors_gazebo_bag_plugin[0m
[ 83%] [32mBuilding CXX object CMakeFiles/rotors_gazebo_bag_plugin.dir/src/gazebo_bag_plugin.cpp.o[0m
[ 84%] [32m[1mLinking CXX shared library /home/chris/bebop-software-framework/bebop_ws/devel/.private/rotors_gazebo_plugins/lib/librotors_gazebo_ros_interface_plugin.so[0m
[ 85%] [32m[1mLinking CXX shared library /home/chris/bebop-software-framework/bebop_ws/devel/.private/rotors_gazebo_plugins/lib/libgazebo_geotagged_images_plugin.so[0m
[ 86%] [32m[1mLinking CXX shared library /home/chris/bebop-software-framework/bebop_ws/devel/.private/rotors_gazebo_plugins/lib/librotors_gazebo_noisydepth_plugin.so[0m
[ 86%] Built target gazebo_geotagged_images_plugin
[35m[1mScanning dependencies of target rotors_gazebo_lidar_plugin[0m
[ 86%] Built target rotors_gazebo_ros_interface_plugin
[ 87%] Built target rotors_gazebo_noisydepth_plugin
[35m[1mScanning dependencies of target rotors_gazebo_wind_plugin[0m
[35m[1mScanning dependencies of target rotors_gazebo_fw_dynamics_plugin[0m
[ 88%] [32mBuilding CXX object CMakeFiles/rotors_gazebo_lidar_plugin.dir/src/external/gazebo_lidar_plugin.cpp.o[0m
[ 90%] [32mBuilding CXX object CMakeFiles/rotors_gazebo_fw_dynamics_plugin.dir/src/gazebo_fw_dynamics_plugin.cpp.o[0m
[ 91%] [32mBuilding CXX object CMakeFiles/rotors_gazebo_wind_plugin.dir/src/gazebo_wind_plugin.cpp.o[0m
[ 92%] [32m[1mLinking CXX shared library /home/chris/bebop-software-framework/bebop_ws/devel/.private/rotors_gazebo_plugins/lib/librotors_gazebo_controller_interface.so[0m
[ 93%] [32m[1mLinking CXX shared library /home/chris/bebop-software-framework/bebop_ws/devel/.private/rotors_gazebo_plugins/lib/librotors_gazebo_pressure_plugin.so[0m
[ 94%] [32m[1mLinking CXX shared library /home/chris/bebop-software-framework/bebop_ws/devel/.private/rotors_gazebo_plugins/lib/librotors_gazebo_magnetometer_plugin.so[0m
[ 94%] [32m[1mLinking CXX shared library /home/chris/bebop-software-framework/bebop_ws/devel/.private/rotors_gazebo_plugins/lib/librotors_gazebo_motor_model.so[0m
[ 94%] Built target rotors_gazebo_controller_interface
[35m[1mScanning dependencies of target rotors_gazebo_odometry_plugin[0m
[ 95%] [32mBuilding CXX object CMakeFiles/rotors_gazebo_odometry_plugin.dir/src/gazebo_odometry_plugin.cpp.o[0m
[ 95%] Built target rotors_gazebo_pressure_plugin
[ 95%] Built target rotors_gazebo_magnetometer_plugin
[ 95%] Built target rotors_gazebo_motor_model
[ 96%] [32m[1mLinking CXX shared library /home/chris/bebop-software-framework/bebop_ws/devel/.private/rotors_gazebo_plugins/lib/librotors_gazebo_lidar_plugin.so[0m
[ 97%] [32m[1mLinking CXX shared library /home/chris/bebop-software-framework/bebop_ws/devel/.private/rotors_gazebo_plugins/lib/librotors_gazebo_wind_plugin.so[0m
[ 98%] [32m[1mLinking CXX shared library /home/chris/bebop-software-framework/bebop_ws/devel/.private/rotors_gazebo_plugins/lib/librotors_gazebo_bag_plugin.so[0m
[ 98%] Built target rotors_gazebo_lidar_plugin
[ 98%] Built target rotors_gazebo_wind_plugin
[ 98%] Built target rotors_gazebo_bag_plugin
[ 98%] [32m[1mLinking CXX shared library /home/chris/bebop-software-framework/bebop_ws/devel/.private/rotors_gazebo_plugins/lib/librotors_gazebo_fw_dynamics_plugin.so[0m
[ 98%] Built target rotors_gazebo_fw_dynamics_plugin
[100%] [32m[1mLinking CXX shared library /home/chris/bebop-software-framework/bebop_ws/devel/.private/rotors_gazebo_plugins/lib/librotors_gazebo_odometry_plugin.so[0m
[100%] Built target rotors_gazebo_odometry_plugin
