Symlinking /home/chris/bebop-software-framework/bebop_ws/devel/lib/librotors_gazebo_gps_plugin.so
Symlinking /home/chris/bebop-software-framework/bebop_ws/devel/lib/librotors_gazebo_wind_plugin.so
Symlinking /home/chris/bebop-software-framework/bebop_ws/devel/lib/librotors_gazebo_fw_dynamics_plugin.so
Symlinking /home/chris/bebop-software-framework/bebop_ws/devel/lib/librotors_gazebo_noisydepth_plugin.so
Symlinking /home/chris/bebop-software-framework/bebop_ws/devel/lib/librotors_gazebo_mavlink_interface.so
Symlinking /home/chris/bebop-software-framework/bebop_ws/devel/lib/librotors_gazebo_bag_plugin.so
Symlinking /home/chris/bebop-software-framework/bebop_ws/devel/lib/librotors_gazebo_pressure_plugin.so
Symlinking /home/chris/bebop-software-framework/bebop_ws/devel/lib/librotors_gazebo_odometry_plugin.so
Symlinking /home/chris/bebop-software-framework/bebop_ws/devel/lib/libgazebo_geotagged_images_plugin.so
Symlinking /home/chris/bebop-software-framework/bebop_ws/devel/lib/librotors_gazebo_controller_interface.so
Symlinking /home/chris/bebop-software-framework/bebop_ws/devel/lib/librotors_gazebo_motor_model.so
Symlinking /home/chris/bebop-software-framework/bebop_ws/devel/lib/libLiftDragPlugin.so
Symlinking /home/chris/bebop-software-framework/bebop_ws/devel/lib/librotors_gazebo_lidar_plugin.so
Symlinking /home/chris/bebop-software-framework/bebop_ws/devel/lib/librotors_gazebo_magnetometer_plugin.so
Symlinking /home/chris/bebop-software-framework/bebop_ws/devel/lib/librotors_gazebo_ros_interface_plugin.so
Symlinking /home/chris/bebop-software-framework/bebop_ws/devel/lib/librotors_gazebo_multirotor_base_plugin.so
Symlinking /home/chris/bebop-software-framework/bebop_ws/devel/lib/librotors_gazebo_imu_plugin.so
Symlinking /home/chris/bebop-software-framework/bebop_ws/devel/lib/pkgconfig/rotors_gazebo_plugins.pc
Symlinking /home/chris/bebop-software-framework/bebop_ws/devel/share/rotors_gazebo_plugins/cmake/rotors_gazebo_pluginsConfig-version.cmake
Symlinking /home/chris/bebop-software-framework/bebop_ws/devel/share/rotors_gazebo_plugins/cmake/rotors_gazebo_pluginsConfig.cmake
