Determining if the pthread_create exist failed with the following output:
Change Dir: /home/chris/bebop-software-framework/bebop_ws/build/mouse_teleop/CMakeFiles/CMakeTmp

Run Build Command:"/usr/bin/make" "cmTC_f2dea/fast"
/usr/bin/make -f CMakeFiles/cmTC_f2dea.dir/build.make CMakeFiles/cmTC_f2dea.dir/build
make[1]: Entering directory '/home/chris/bebop-software-framework/bebop_ws/build/mouse_teleop/CMakeFiles/CMakeTmp'
Building C object CMakeFiles/cmTC_f2dea.dir/CheckSymbolExists.c.o
/usr/bin/cc    -o CMakeFiles/cmTC_f2dea.dir/CheckSymbolExists.c.o   -c /home/chris/bebop-software-framework/bebop_ws/build/mouse_teleop/CMakeFiles/CMakeTmp/CheckSymbolExists.c
Linking C executable cmTC_f2dea
/usr/local/bin/cmake -E cmake_link_script CMakeFiles/cmTC_f2dea.dir/link.txt --verbose=1
/usr/bin/cc      -rdynamic CMakeFiles/cmTC_f2dea.dir/CheckSymbolExists.c.o  -o cmTC_f2dea 
CMakeFiles/cmTC_f2dea.dir/CheckSymbolExists.c.o: In function `main':
CheckSymbolExists.c:(.text+0x1b): undefined reference to `pthread_create'
collect2: error: ld returned 1 exit status
CMakeFiles/cmTC_f2dea.dir/build.make:86: recipe for target 'cmTC_f2dea' failed
make[1]: *** [cmTC_f2dea] Error 1
make[1]: Leaving directory '/home/chris/bebop-software-framework/bebop_ws/build/mouse_teleop/CMakeFiles/CMakeTmp'
Makefile:126: recipe for target 'cmTC_f2dea/fast' failed
make: *** [cmTC_f2dea/fast] Error 2

File /home/chris/bebop-software-framework/bebop_ws/build/mouse_teleop/CMakeFiles/CMakeTmp/CheckSymbolExists.c:
/* */
#include <pthread.h>

int main(int argc, char** argv)
{
  (void)argv;
#ifndef pthread_create
  return ((int*)(&pthread_create))[argc];
#else
  (void)argc;
  return 0;
#endif
}

Determining if the function pthread_create exists in the pthreads failed with the following output:
Change Dir: /home/chris/bebop-software-framework/bebop_ws/build/mouse_teleop/CMakeFiles/CMakeTmp

Run Build Command:"/usr/bin/make" "cmTC_9b350/fast"
/usr/bin/make -f CMakeFiles/cmTC_9b350.dir/build.make CMakeFiles/cmTC_9b350.dir/build
make[1]: Entering directory '/home/chris/bebop-software-framework/bebop_ws/build/mouse_teleop/CMakeFiles/CMakeTmp'
Building C object CMakeFiles/cmTC_9b350.dir/CheckFunctionExists.c.o
/usr/bin/cc   -DCHECK_FUNCTION_EXISTS=pthread_create   -o CMakeFiles/cmTC_9b350.dir/CheckFunctionExists.c.o   -c /usr/local/share/cmake-3.11/Modules/CheckFunctionExists.c
Linking C executable cmTC_9b350
/usr/local/bin/cmake -E cmake_link_script CMakeFiles/cmTC_9b350.dir/link.txt --verbose=1
/usr/bin/cc  -DCHECK_FUNCTION_EXISTS=pthread_create    -rdynamic CMakeFiles/cmTC_9b350.dir/CheckFunctionExists.c.o  -o cmTC_9b350 -lpthreads 
/usr/bin/ld: cannot find -lpthreads
collect2: error: ld returned 1 exit status
CMakeFiles/cmTC_9b350.dir/build.make:86: recipe for target 'cmTC_9b350' failed
make[1]: *** [cmTC_9b350] Error 1
make[1]: Leaving directory '/home/chris/bebop-software-framework/bebop_ws/build/mouse_teleop/CMakeFiles/CMakeTmp'
Makefile:126: recipe for target 'cmTC_9b350/fast' failed
make: *** [cmTC_9b350/fast] Error 2


