Symlinking /home/chris/bebop-software-framework/bebop_ws/devel/lib/pkgconfig/mav_planning_msgs.pc
Symlinking /home/chris/bebop-software-framework/bebop_ws/devel/lib/python2.7/dist-packages/mav_planning_msgs/__init__.py
Symlinking /home/chris/bebop-software-framework/bebop_ws/devel/lib/python2.7/dist-packages/mav_planning_msgs/msg/_Point2D.py
Symlinking /home/chris/bebop-software-framework/bebop_ws/devel/lib/python2.7/dist-packages/mav_planning_msgs/msg/_PolynomialSegment.py
Symlinking /home/chris/bebop-software-framework/bebop_ws/devel/lib/python2.7/dist-packages/mav_planning_msgs/msg/_PolynomialTrajectory4D.py
Symlinking /home/chris/bebop-software-framework/bebop_ws/devel/lib/python2.7/dist-packages/mav_planning_msgs/msg/_PolygonWithHoles.py
Symlinking /home/chris/bebop-software-framework/bebop_ws/devel/lib/python2.7/dist-packages/mav_planning_msgs/msg/_PointCloudWithPose.py
Symlinking /home/chris/bebop-software-framework/bebop_ws/devel/lib/python2.7/dist-packages/mav_planning_msgs/msg/_PolynomialTrajectory.py
Symlinking /home/chris/bebop-software-framework/bebop_ws/devel/lib/python2.7/dist-packages/mav_planning_msgs/msg/__init__.py
Symlinking /home/chris/bebop-software-framework/bebop_ws/devel/lib/python2.7/dist-packages/mav_planning_msgs/msg/_PolynomialSegment4D.py
Symlinking /home/chris/bebop-software-framework/bebop_ws/devel/lib/python2.7/dist-packages/mav_planning_msgs/msg/_Polygon2D.py
Symlinking /home/chris/bebop-software-framework/bebop_ws/devel/lib/python2.7/dist-packages/mav_planning_msgs/msg/_PolygonWithHolesStamped.py
Symlinking /home/chris/bebop-software-framework/bebop_ws/devel/lib/python2.7/dist-packages/mav_planning_msgs/srv/__init__.py
Symlinking /home/chris/bebop-software-framework/bebop_ws/devel/lib/python2.7/dist-packages/mav_planning_msgs/srv/_PlannerService.py
Symlinking /home/chris/bebop-software-framework/bebop_ws/devel/lib/python2.7/dist-packages/mav_planning_msgs/srv/_PolygonService.py
Symlinking /home/chris/bebop-software-framework/bebop_ws/devel/share/mav_planning_msgs/cmake/mav_planning_msgsConfig.cmake
Symlinking /home/chris/bebop-software-framework/bebop_ws/devel/share/mav_planning_msgs/cmake/mav_planning_msgsConfig-version.cmake
Symlinking /home/chris/bebop-software-framework/bebop_ws/devel/share/mav_planning_msgs/cmake/mav_planning_msgs-msg-extras.cmake
Symlinking /home/chris/bebop-software-framework/bebop_ws/devel/share/mav_planning_msgs/cmake/mav_planning_msgs-msg-paths.cmake
Symlinking /home/chris/bebop-software-framework/bebop_ws/devel/share/common-lisp/ros/mav_planning_msgs/msg/PolynomialTrajectory.lisp
Symlinking /home/chris/bebop-software-framework/bebop_ws/devel/share/common-lisp/ros/mav_planning_msgs/msg/PolygonWithHolesStamped.lisp
Symlinking /home/chris/bebop-software-framework/bebop_ws/devel/share/common-lisp/ros/mav_planning_msgs/msg/PolynomialTrajectory4D.lisp
Symlinking /home/chris/bebop-software-framework/bebop_ws/devel/share/common-lisp/ros/mav_planning_msgs/msg/PolynomialSegment4D.lisp
Symlinking /home/chris/bebop-software-framework/bebop_ws/devel/share/common-lisp/ros/mav_planning_msgs/msg/PointCloudWithPose.lisp
Symlinking /home/chris/bebop-software-framework/bebop_ws/devel/share/common-lisp/ros/mav_planning_msgs/msg/_package_Polygon2D.lisp
Symlinking /home/chris/bebop-software-framework/bebop_ws/devel/share/common-lisp/ros/mav_planning_msgs/msg/_package_PolynomialSegment.lisp
Symlinking /home/chris/bebop-software-framework/bebop_ws/devel/share/common-lisp/ros/mav_planning_msgs/msg/Point2D.lisp
Symlinking /home/chris/bebop-software-framework/bebop_ws/devel/share/common-lisp/ros/mav_planning_msgs/msg/_package.lisp
Symlinking /home/chris/bebop-software-framework/bebop_ws/devel/share/common-lisp/ros/mav_planning_msgs/msg/_package_Point2D.lisp
Symlinking /home/chris/bebop-software-framework/bebop_ws/devel/share/common-lisp/ros/mav_planning_msgs/msg/_package_PolygonWithHolesStamped.lisp
Symlinking /home/chris/bebop-software-framework/bebop_ws/devel/share/common-lisp/ros/mav_planning_msgs/msg/_package_PolygonWithHoles.lisp
Symlinking /home/chris/bebop-software-framework/bebop_ws/devel/share/common-lisp/ros/mav_planning_msgs/msg/PolygonWithHoles.lisp
Symlinking /home/chris/bebop-software-framework/bebop_ws/devel/share/common-lisp/ros/mav_planning_msgs/msg/_package_PolynomialSegment4D.lisp
Symlinking /home/chris/bebop-software-framework/bebop_ws/devel/share/common-lisp/ros/mav_planning_msgs/msg/_package_PolynomialTrajectory4D.lisp
Symlinking /home/chris/bebop-software-framework/bebop_ws/devel/share/common-lisp/ros/mav_planning_msgs/msg/Polygon2D.lisp
Symlinking /home/chris/bebop-software-framework/bebop_ws/devel/share/common-lisp/ros/mav_planning_msgs/msg/_package_PolynomialTrajectory.lisp
Symlinking /home/chris/bebop-software-framework/bebop_ws/devel/share/common-lisp/ros/mav_planning_msgs/msg/_package_PointCloudWithPose.lisp
Symlinking /home/chris/bebop-software-framework/bebop_ws/devel/share/common-lisp/ros/mav_planning_msgs/msg/PolynomialSegment.lisp
Symlinking /home/chris/bebop-software-framework/bebop_ws/devel/share/common-lisp/ros/mav_planning_msgs/msg/mav_planning_msgs-msg.asd
Symlinking /home/chris/bebop-software-framework/bebop_ws/devel/share/common-lisp/ros/mav_planning_msgs/srv/_package_PlannerService.lisp
Symlinking /home/chris/bebop-software-framework/bebop_ws/devel/share/common-lisp/ros/mav_planning_msgs/srv/mav_planning_msgs-srv.asd
Symlinking /home/chris/bebop-software-framework/bebop_ws/devel/share/common-lisp/ros/mav_planning_msgs/srv/PolygonService.lisp
Symlinking /home/chris/bebop-software-framework/bebop_ws/devel/share/common-lisp/ros/mav_planning_msgs/srv/_package.lisp
Symlinking /home/chris/bebop-software-framework/bebop_ws/devel/share/common-lisp/ros/mav_planning_msgs/srv/_package_PolygonService.lisp
Symlinking /home/chris/bebop-software-framework/bebop_ws/devel/share/common-lisp/ros/mav_planning_msgs/srv/PlannerService.lisp
Symlinking /home/chris/bebop-software-framework/bebop_ws/devel/share/roseus/ros/mav_planning_msgs/manifest.l
Symlinking /home/chris/bebop-software-framework/bebop_ws/devel/share/roseus/ros/mav_planning_msgs/msg/PolynomialTrajectory.l
Symlinking /home/chris/bebop-software-framework/bebop_ws/devel/share/roseus/ros/mav_planning_msgs/msg/PolynomialSegment4D.l
Symlinking /home/chris/bebop-software-framework/bebop_ws/devel/share/roseus/ros/mav_planning_msgs/msg/Polygon2D.l
Symlinking /home/chris/bebop-software-framework/bebop_ws/devel/share/roseus/ros/mav_planning_msgs/msg/PolynomialTrajectory4D.l
Symlinking /home/chris/bebop-software-framework/bebop_ws/devel/share/roseus/ros/mav_planning_msgs/msg/PointCloudWithPose.l
Symlinking /home/chris/bebop-software-framework/bebop_ws/devel/share/roseus/ros/mav_planning_msgs/msg/Point2D.l
Symlinking /home/chris/bebop-software-framework/bebop_ws/devel/share/roseus/ros/mav_planning_msgs/msg/PolynomialSegment.l
Symlinking /home/chris/bebop-software-framework/bebop_ws/devel/share/roseus/ros/mav_planning_msgs/msg/PolygonWithHoles.l
Symlinking /home/chris/bebop-software-framework/bebop_ws/devel/share/roseus/ros/mav_planning_msgs/msg/PolygonWithHolesStamped.l
Symlinking /home/chris/bebop-software-framework/bebop_ws/devel/share/roseus/ros/mav_planning_msgs/srv/PolygonService.l
Symlinking /home/chris/bebop-software-framework/bebop_ws/devel/share/roseus/ros/mav_planning_msgs/srv/PlannerService.l
Symlinking /home/chris/bebop-software-framework/bebop_ws/devel/share/gennodejs/ros/mav_planning_msgs/_index.js
Symlinking /home/chris/bebop-software-framework/bebop_ws/devel/share/gennodejs/ros/mav_planning_msgs/msg/_index.js
Symlinking /home/chris/bebop-software-framework/bebop_ws/devel/share/gennodejs/ros/mav_planning_msgs/msg/PolynomialTrajectory.js
Symlinking /home/chris/bebop-software-framework/bebop_ws/devel/share/gennodejs/ros/mav_planning_msgs/msg/PolygonWithHoles.js
Symlinking /home/chris/bebop-software-framework/bebop_ws/devel/share/gennodejs/ros/mav_planning_msgs/msg/PolynomialSegment4D.js
Symlinking /home/chris/bebop-software-framework/bebop_ws/devel/share/gennodejs/ros/mav_planning_msgs/msg/PointCloudWithPose.js
Symlinking /home/chris/bebop-software-framework/bebop_ws/devel/share/gennodejs/ros/mav_planning_msgs/msg/Point2D.js
Symlinking /home/chris/bebop-software-framework/bebop_ws/devel/share/gennodejs/ros/mav_planning_msgs/msg/PolygonWithHolesStamped.js
Symlinking /home/chris/bebop-software-framework/bebop_ws/devel/share/gennodejs/ros/mav_planning_msgs/msg/PolynomialTrajectory4D.js
Symlinking /home/chris/bebop-software-framework/bebop_ws/devel/share/gennodejs/ros/mav_planning_msgs/msg/Polygon2D.js
Symlinking /home/chris/bebop-software-framework/bebop_ws/devel/share/gennodejs/ros/mav_planning_msgs/msg/PolynomialSegment.js
Symlinking /home/chris/bebop-software-framework/bebop_ws/devel/share/gennodejs/ros/mav_planning_msgs/srv/PlannerService.js
Symlinking /home/chris/bebop-software-framework/bebop_ws/devel/share/gennodejs/ros/mav_planning_msgs/srv/_index.js
Symlinking /home/chris/bebop-software-framework/bebop_ws/devel/share/gennodejs/ros/mav_planning_msgs/srv/PolygonService.js
Symlinking /home/chris/bebop-software-framework/bebop_ws/devel/include/mav_planning_msgs/PointCloudWithPose.h
Symlinking /home/chris/bebop-software-framework/bebop_ws/devel/include/mav_planning_msgs/PlannerService.h
Symlinking /home/chris/bebop-software-framework/bebop_ws/devel/include/mav_planning_msgs/PolynomialTrajectory4D.h
Symlinking /home/chris/bebop-software-framework/bebop_ws/devel/include/mav_planning_msgs/PolynomialSegment.h
Symlinking /home/chris/bebop-software-framework/bebop_ws/devel/include/mav_planning_msgs/PlannerServiceResponse.h
Symlinking /home/chris/bebop-software-framework/bebop_ws/devel/include/mav_planning_msgs/PolynomialTrajectory.h
Symlinking /home/chris/bebop-software-framework/bebop_ws/devel/include/mav_planning_msgs/PolygonWithHoles.h
Symlinking /home/chris/bebop-software-framework/bebop_ws/devel/include/mav_planning_msgs/PolygonServiceResponse.h
Symlinking /home/chris/bebop-software-framework/bebop_ws/devel/include/mav_planning_msgs/PolygonServiceRequest.h
Symlinking /home/chris/bebop-software-framework/bebop_ws/devel/include/mav_planning_msgs/PolygonWithHolesStamped.h
Symlinking /home/chris/bebop-software-framework/bebop_ws/devel/include/mav_planning_msgs/PolygonService.h
Symlinking /home/chris/bebop-software-framework/bebop_ws/devel/include/mav_planning_msgs/Polygon2D.h
Symlinking /home/chris/bebop-software-framework/bebop_ws/devel/include/mav_planning_msgs/PlannerServiceRequest.h
Symlinking /home/chris/bebop-software-framework/bebop_ws/devel/include/mav_planning_msgs/Point2D.h
Symlinking /home/chris/bebop-software-framework/bebop_ws/devel/include/mav_planning_msgs/PolynomialSegment4D.h
