[36m--[0m Using CATKIN_DEVEL_PREFIX: /home/chris/bebop-software-framework/bebop_ws/devel/.private/mav_planning_msgs
[36m--[0m Using CMAKE_PREFIX_PATH: /home/chris/bebop-software-framework/bebop_ws/devel;/opt/ros/melodic;/opt/ros/kinetic
[36m--[0m This workspace overlays: /home/chris/bebop-software-framework/bebop_ws/devel;/opt/ros/melodic
[36m--[0m Found PythonInterp: /usr/bin/python2 (found suitable version "2.7.17", minimum required is "2")
[36m--[0m Using PYTHON_EXECUTABLE: /usr/bin/python2
[36m--[0m Using Debian Python package layout
[36m--[0m Using empy: /usr/bin/empy
[36m--[0m Using CATKIN_ENABLE_TESTING: ON
[36m--[0m Call enable_testing()
[36m--[0m Using CATKIN_TEST_RESULTS_DIR: /home/chris/bebop-software-framework/bebop_ws/build/mav_planning_msgs/test_results
[36m--[0m Found gtest sources under '/usr/src/googletest': gtests will be built
[36m--[0m Found gmock sources under '/usr/src/googletest': gmock will be built
[36m--[0m Found PythonInterp: /usr/bin/python2 (found version "2.7.17")
[36m--[0m Using Python nosetests: /usr/bin/nosetests-2.7
[36m--[0m catkin 0.7.28
[36m--[0m BUILD_SHARED_LIBS is on
[36m--[0m Using these message generators: gencpp;geneus;genlisp;gennodejs;genpy
[36m--[0m mav_planning_msgs: 9 messages, 3 services
[36m--[0m Configuring done
[36m--[0m Generating done
[36m--[0m Build files have been written to: /home/chris/bebop-software-framework/bebop_ws/build/mav_planning_msgs
