Determining if the pthread_create exist failed with the following output:
Change Dir: /home/chris/bebop-software-framework/bebop_ws/build/bebop_controller/CMakeFiles/CMakeTmp

Run Build Command:"/usr/bin/make" "cmTC_27696/fast"
/usr/bin/make -f CMakeFiles/cmTC_27696.dir/build.make CMakeFiles/cmTC_27696.dir/build
make[1]: Entering directory '/home/chris/bebop-software-framework/bebop_ws/build/bebop_controller/CMakeFiles/CMakeTmp'
Building C object CMakeFiles/cmTC_27696.dir/CheckSymbolExists.c.o
/usr/bin/cc    -o CMakeFiles/cmTC_27696.dir/CheckSymbolExists.c.o   -c /home/chris/bebop-software-framework/bebop_ws/build/bebop_controller/CMakeFiles/CMakeTmp/CheckSymbolExists.c
Linking C executable cmTC_27696
/usr/local/bin/cmake -E cmake_link_script CMakeFiles/cmTC_27696.dir/link.txt --verbose=1
/usr/bin/cc      -rdynamic CMakeFiles/cmTC_27696.dir/CheckSymbolExists.c.o  -o cmTC_27696 
CMakeFiles/cmTC_27696.dir/CheckSymbolExists.c.o: In function `main':
CheckSymbolExists.c:(.text+0x1b): undefined reference to `pthread_create'
collect2: error: ld returned 1 exit status
CMakeFiles/cmTC_27696.dir/build.make:86: recipe for target 'cmTC_27696' failed
make[1]: *** [cmTC_27696] Error 1
make[1]: Leaving directory '/home/chris/bebop-software-framework/bebop_ws/build/bebop_controller/CMakeFiles/CMakeTmp'
Makefile:126: recipe for target 'cmTC_27696/fast' failed
make: *** [cmTC_27696/fast] Error 2

File /home/chris/bebop-software-framework/bebop_ws/build/bebop_controller/CMakeFiles/CMakeTmp/CheckSymbolExists.c:
/* */
#include <pthread.h>

int main(int argc, char** argv)
{
  (void)argv;
#ifndef pthread_create
  return ((int*)(&pthread_create))[argc];
#else
  (void)argc;
  return 0;
#endif
}

Determining if the function pthread_create exists in the pthreads failed with the following output:
Change Dir: /home/chris/bebop-software-framework/bebop_ws/build/bebop_controller/CMakeFiles/CMakeTmp

Run Build Command:"/usr/bin/make" "cmTC_8f947/fast"
/usr/bin/make -f CMakeFiles/cmTC_8f947.dir/build.make CMakeFiles/cmTC_8f947.dir/build
make[1]: Entering directory '/home/chris/bebop-software-framework/bebop_ws/build/bebop_controller/CMakeFiles/CMakeTmp'
Building C object CMakeFiles/cmTC_8f947.dir/CheckFunctionExists.c.o
/usr/bin/cc   -DCHECK_FUNCTION_EXISTS=pthread_create   -o CMakeFiles/cmTC_8f947.dir/CheckFunctionExists.c.o   -c /usr/local/share/cmake-3.11/Modules/CheckFunctionExists.c
Linking C executable cmTC_8f947
/usr/local/bin/cmake -E cmake_link_script CMakeFiles/cmTC_8f947.dir/link.txt --verbose=1
/usr/bin/cc  -DCHECK_FUNCTION_EXISTS=pthread_create    -rdynamic CMakeFiles/cmTC_8f947.dir/CheckFunctionExists.c.o  -o cmTC_8f947 -lpthreads 
/usr/bin/ld: cannot find -lpthreads
collect2: error: ld returned 1 exit status
CMakeFiles/cmTC_8f947.dir/build.make:86: recipe for target 'cmTC_8f947' failed
make[1]: *** [cmTC_8f947] Error 1
make[1]: Leaving directory '/home/chris/bebop-software-framework/bebop_ws/build/bebop_controller/CMakeFiles/CMakeTmp'
Makefile:126: recipe for target 'cmTC_8f947/fast' failed
make: *** [cmTC_8f947/fast] Error 2


